09:17:37.522,Refreshing org.springframework.context.annotation.AnnotationConfigApplicationContext@63f259c3: startup date [Mon Mar 05 09:17:37 CST 2018]; root of context hierarchy
09:17:38.587,JSR-330 'javax.inject.Inject' annotation found and supported for autowiring
09:17:38.608,HV000001: Hibernate Validator 5.3.6.Final
09:17:38.710,Bean 'configurationPropertiesRebinderAutoConfiguration' of type [org.springframework.cloud.autoconfigure.ConfigurationPropertiesRebinderAutoConfiguration$$EnhancerBySpringCGLIB$$bded14c5] is not eligible for getting processed by all BeanPostProcessors (for example: not eligible for auto-proxying)
09:17:40.025,No active profile set, falling back to default profiles: default
09:17:40.062,Refreshing org.springframework.boot.context.embedded.AnnotationConfigEmbeddedWebApplicationContext@5eeedb60: startup date [Mon Mar 05 09:17:40 CST 2018]; parent: org.springframework.context.annotation.AnnotationConfigApplicationContext@63f259c3
09:17:44.229,BeanFactory id=561935aa-321c-390d-a9b5-af85a74f3251
09:17:44.390,JSR-330 'javax.inject.Inject' annotation found and supported for autowiring
09:17:44.506,Bean 'com.nhb.nb.feign.DeviceManageFeign' of type [org.springframework.cloud.netflix.feign.FeignClientFactoryBean] is not eligible for getting processed by all BeanPostProcessors (for example: not eligible for auto-proxying)
09:17:44.663,Bean 'org.springframework.cloud.netflix.metrics.MetricsInterceptorConfiguration$MetricsRestTemplateConfiguration' of type [org.springframework.cloud.netflix.metrics.MetricsInterceptorConfiguration$MetricsRestTemplateConfiguration$$EnhancerBySpringCGLIB$$d3ffb809] is not eligible for getting processed by all BeanPostProcessors (for example: not eligible for auto-proxying)
09:17:44.718,Bean 'org.springframework.cloud.autoconfigure.ConfigurationPropertiesRebinderAutoConfiguration' of type [org.springframework.cloud.autoconfigure.ConfigurationPropertiesRebinderAutoConfiguration$$EnhancerBySpringCGLIB$$bded14c5] is not eligible for getting processed by all BeanPostProcessors (for example: not eligible for auto-proxying)
09:17:46.056,Tomcat initialized with port(s): 9091 (http)
09:17:46.095,Starting service [Tomcat]
09:17:46.100,Starting Servlet Engine: Apache Tomcat/8.5.27
09:17:46.673,Initializing Spring embedded WebApplicationContext
09:17:46.674,Root WebApplicationContext: initialization completed in 6612 ms
09:17:47.444,Mapping servlet: 'dispatcherServlet' to [/]
09:17:47.456,Mapping filter: 'metricsFilter' to: [/*]
09:17:47.457,Mapping filter: 'characterEncodingFilter' to: [/*]
09:17:47.457,Mapping filter: 'hiddenHttpMethodFilter' to: [/*]
09:17:47.458,Mapping filter: 'httpPutFormContentFilter' to: [/*]
09:17:47.458,Mapping filter: 'requestContextFilter' to: [/*]
09:17:47.458,Mapping filter: 'webRequestLoggingFilter' to: [/*]
09:17:47.458,Mapping filter: 'applicationContextIdFilter' to: [/*]
09:17:50.989,Cluster created with settings {hosts=[192.168.1.90:17000], mode=MULTIPLE, requiredClusterType=UNKNOWN, serverSelectionTimeout='30000 ms', maxWaitQueueSize=500}
09:17:50.989,Adding discovered server 192.168.1.90:17000 to client view of cluster
09:17:51.204,Opened connection [connectionId{localValue:1, serverValue:1268}] to 192.168.1.90:17000
09:17:51.211,Monitor thread successfully connected to server with description ServerDescription{address=192.168.1.90:17000, type=STANDALONE, state=CONNECTED, ok=true, version=ServerVersion{versionList=[3, 4, 6]}, minWireVersion=0, maxWireVersion=5, maxDocumentSize=16777216, roundTripTimeNanos=2910002}
09:17:51.220,Discovered cluster type of STANDALONE
09:17:51.768,Opened connection [connectionId{localValue:2, serverValue:1269}] to 192.168.1.90:17000
09:17:52.231,Refreshing org.springframework.context.annotation.AnnotationConfigApplicationContext@1c92a549: startup date [Mon Mar 05 09:17:52 CST 2018]; parent: org.springframework.boot.context.embedded.AnnotationConfigEmbeddedWebApplicationContext@5eeedb60
09:17:52.298,JSR-330 'javax.inject.Inject' annotation found and supported for autowiring
09:17:54.907,Mapped "{[/nbiot/v1/area/add],methods=[POST]}" onto public com.nhb.utils.nhb_utils.common.RestResultDto com.nhb.nb.controller.area.SysAreaController.add(com.nhb.nb.request.area.AreaRequest)
09:17:54.909,Mapped "{[/nbiot/v1/area/delete],methods=[POST]}" onto public com.nhb.utils.nhb_utils.common.RestResultDto com.nhb.nb.controller.area.SysAreaController.delete(com.nhb.nb.request.area.AreaRequest)
09:17:54.910,Mapped "{[/nbiot/v1/area/list],methods=[POST]}" onto public com.nhb.utils.nhb_utils.common.RestResultDto com.nhb.nb.controller.area.SysAreaController.list(com.nhb.nb.request.area.AreaRequest)
09:17:54.912,Mapped "{[/nbiot/v1/area/findById],methods=[POST]}" onto public com.nhb.utils.nhb_utils.common.RestResultDto com.nhb.nb.controller.area.SysAreaController.findById(com.nhb.nb.request.area.AreaRequest)
09:17:54.913,Mapped "{[/nbiot/v1/area/modify],methods=[POST]}" onto public com.nhb.utils.nhb_utils.common.RestResultDto com.nhb.nb.controller.area.SysAreaController.modify(com.nhb.nb.request.area.AreaRequest)
09:17:54.918,Mapped "{[/nbiot/v1/data/history],methods=[POST]}" onto public com.nhb.utils.nhb_utils.common.RestResultDto com.nhb.nb.controller.data.DataController.findHistoryData(com.nhb.nb.request.data.DataHistoryRequest)
09:17:54.920,Mapped "{[/nbiot/v1/data/realtime],methods=[POST]}" onto public com.nhb.utils.nhb_utils.common.RestResultDto com.nhb.nb.controller.data.DataController.findRealtimeData(com.nhb.nb.request.data.DataRealtimeRequest)
09:17:54.920,Mapped "{[/nbiot/v1/data/exportData],methods=[GET]}" onto public void com.nhb.nb.controller.data.DataController.exportData(java.lang.String,java.lang.String,java.lang.String,javax.servlet.http.HttpServletResponse)
09:17:54.926,Mapped "{[/nbiot/v1/device/add],methods=[POST]}" onto public com.nhb.utils.nhb_utils.common.RestResultDto com.nhb.nb.controller.device.DeviceController.add(com.nhb.nb.request.device.DeviceRequest)
09:17:55.160,Mapped "{[/nbiot/v1/device/delete],methods=[POST]}" onto public com.nhb.utils.nhb_utils.common.RestResultDto com.nhb.nb.controller.device.DeviceController.delete(com.nhb.nb.request.device.DeviceRequest)
09:17:55.161,Mapped "{[/nbiot/v1/device/list],methods=[POST]}" onto public com.nhb.utils.nhb_utils.common.RestResultDto com.nhb.nb.controller.device.DeviceController.list()
09:17:55.162,Mapped "{[/nbiot/v1/device/findById],methods=[POST]}" onto public com.nhb.utils.nhb_utils.common.RestResultDto com.nhb.nb.controller.device.DeviceController.findById(com.nhb.nb.request.device.DeviceRequest)
09:17:55.163,Mapped "{[/nbiot/v1/device/modify],methods=[POST]}" onto public com.nhb.utils.nhb_utils.common.RestResultDto com.nhb.nb.controller.device.DeviceController.modify(com.nhb.nb.request.device.DeviceRequest)
09:17:55.281,Mapped "{[/nbiot/v1/user/delete],methods=[POST]}" onto public com.nhb.utils.nhb_utils.common.RestResultDto<java.lang.Object> com.nhb.nb.controller.user.SysUserController.delete(com.nhb.nb.request.user.UserRequest)
09:17:55.282,Mapped "{[/nbiot/v1/user/add],methods=[POST]}" onto public com.nhb.utils.nhb_utils.common.RestResultDto<java.lang.Object> com.nhb.nb.controller.user.SysUserController.addUser(com.nhb.nb.request.user.UserRequest)
09:17:55.283,Mapped "{[/nbiot/v1/user/findById],methods=[POST]}" onto public com.nhb.utils.nhb_utils.common.RestResultDto<java.lang.Object> com.nhb.nb.controller.user.SysUserController.findById(com.nhb.nb.request.user.LoginRequest)
09:17:55.284,Mapped "{[/nbiot/v1/user/findList],methods=[POST]}" onto public com.nhb.utils.nhb_utils.common.RestResultDto<java.lang.Object> com.nhb.nb.controller.user.SysUserController.findList(com.nhb.nb.request.user.UserRequest)
09:17:55.285,Mapped "{[/nbiot/v1/user/login],methods=[POST]}" onto public com.nhb.utils.nhb_utils.common.RestResultDto<java.lang.Object> com.nhb.nb.controller.user.SysUserController.login(com.nhb.nb.request.user.LoginRequest)
09:17:55.285,Mapped "{[/nbiot/v1/user/modify],methods=[POST]}" onto public com.nhb.utils.nhb_utils.common.RestResultDto<java.lang.Object> com.nhb.nb.controller.user.SysUserController.modifyUser(com.nhb.nb.request.user.UserRequest)
09:17:55.749,Mapped "{[/swagger-resources/configuration/security]}" onto public org.springframework.http.ResponseEntity<springfox.documentation.swagger.web.SecurityConfiguration> springfox.documentation.swagger.web.ApiResourceController.securityConfiguration()
09:17:55.753,Mapped "{[/swagger-resources]}" onto public org.springframework.http.ResponseEntity<java.util.List<springfox.documentation.swagger.web.SwaggerResource>> springfox.documentation.swagger.web.ApiResourceController.swaggerResources()
09:17:55.756,Mapped "{[/swagger-resources/configuration/ui]}" onto public org.springframework.http.ResponseEntity<springfox.documentation.swagger.web.UiConfiguration> springfox.documentation.swagger.web.ApiResourceController.uiConfiguration()
09:17:55.818,Mapped "{[/error]}" onto public org.springframework.http.ResponseEntity<java.util.Map<java.lang.String, java.lang.Object>> org.springframework.boot.autoconfigure.web.BasicErrorController.error(javax.servlet.http.HttpServletRequest)
09:17:55.820,Mapped "{[/error],produces=[text/html]}" onto public org.springframework.web.servlet.ModelAndView org.springframework.boot.autoconfigure.web.BasicErrorController.errorHtml(javax.servlet.http.HttpServletRequest,javax.servlet.http.HttpServletResponse)
09:17:59.252,Mapped "{[/restart || /restart.json],methods=[POST]}" onto public java.lang.Object org.springframework.cloud.context.restart.RestartMvcEndpoint.invoke()
09:17:59.254,Mapped "{[/info || /info.json],methods=[GET],produces=[application/vnd.spring-boot.actuator.v1+json || application/json]}" onto public java.lang.Object org.springframework.boot.actuate.endpoint.mvc.EndpointMvcAdapter.invoke()
09:17:59.256,Mapped "{[/health || /health.json],methods=[GET],produces=[application/vnd.spring-boot.actuator.v1+json || application/json]}" onto public java.lang.Object org.springframework.boot.actuate.endpoint.mvc.HealthMvcEndpoint.invoke(javax.servlet.http.HttpServletRequest,java.security.Principal)
09:17:59.258,Mapped "{[/refresh || /refresh.json],methods=[POST]}" onto public java.lang.Object org.springframework.cloud.endpoint.GenericPostableMvcEndpoint.invoke()
09:17:59.259,Mapped "{[/service-registry/instance-status],methods=[GET]}" onto public org.springframework.http.ResponseEntity org.springframework.cloud.client.serviceregistry.endpoint.ServiceRegistryEndpoint.getStatus()
09:17:59.259,Mapped "{[/service-registry/instance-status],methods=[POST]}" onto public org.springframework.http.ResponseEntity<?> org.springframework.cloud.client.serviceregistry.endpoint.ServiceRegistryEndpoint.setStatus(java.lang.String)
09:17:59.260,Mapped "{[/env],methods=[POST]}" onto public java.lang.Object org.springframework.cloud.context.environment.EnvironmentManagerMvcEndpoint.value(java.util.Map<java.lang.String, java.lang.String>)
09:17:59.261,Mapped "{[/env/reset],methods=[POST]}" onto public java.util.Map<java.lang.String, java.lang.Object> org.springframework.cloud.context.environment.EnvironmentManagerMvcEndpoint.reset()
09:17:59.263,Mapped "{[/configprops || /configprops.json],methods=[GET],produces=[application/vnd.spring-boot.actuator.v1+json || application/json]}" onto public java.lang.Object org.springframework.boot.actuate.endpoint.mvc.EndpointMvcAdapter.invoke()
09:17:59.264,Mapped "{[/archaius || /archaius.json],methods=[GET],produces=[application/vnd.spring-boot.actuator.v1+json || application/json]}" onto public java.lang.Object org.springframework.boot.actuate.endpoint.mvc.EndpointMvcAdapter.invoke()
09:17:59.267,Mapped "{[/env/{name:.*}],methods=[GET],produces=[application/vnd.spring-boot.actuator.v1+json || application/json]}" onto public java.lang.Object org.springframework.boot.actuate.endpoint.mvc.EnvironmentMvcEndpoint.value(java.lang.String)
09:17:59.267,Mapped "{[/env || /env.json],methods=[GET],produces=[application/vnd.spring-boot.actuator.v1+json || application/json]}" onto public java.lang.Object org.springframework.boot.actuate.endpoint.mvc.EndpointMvcAdapter.invoke()
09:17:59.270,Mapped "{[/pause || /pause.json],methods=[POST]}" onto public java.lang.Object org.springframework.cloud.endpoint.GenericPostableMvcEndpoint.invoke()
09:17:59.271,Mapped "{[/mappings || /mappings.json],methods=[GET],produces=[application/vnd.spring-boot.actuator.v1+json || application/json]}" onto public java.lang.Object org.springframework.boot.actuate.endpoint.mvc.EndpointMvcAdapter.invoke()
09:17:59.272,Mapped "{[/beans || /beans.json],methods=[GET],produces=[application/vnd.spring-boot.actuator.v1+json || application/json]}" onto public java.lang.Object org.springframework.boot.actuate.endpoint.mvc.EndpointMvcAdapter.invoke()
09:17:59.274,Mapped "{[/autoconfig || /autoconfig.json],methods=[GET],produces=[application/vnd.spring-boot.actuator.v1+json || application/json]}" onto public java.lang.Object org.springframework.boot.actuate.endpoint.mvc.EndpointMvcAdapter.invoke()
09:17:59.278,Mapped "{[/heapdump || /heapdump.json],methods=[GET],produces=[application/octet-stream]}" onto public void org.springframework.boot.actuate.endpoint.mvc.HeapdumpMvcEndpoint.invoke(boolean,javax.servlet.http.HttpServletRequest,javax.servlet.http.HttpServletResponse) throws java.io.IOException,javax.servlet.ServletException
09:17:59.282,Mapped "{[/loggers/{name:.*}],methods=[GET],produces=[application/vnd.spring-boot.actuator.v1+json || application/json]}" onto public java.lang.Object org.springframework.boot.actuate.endpoint.mvc.LoggersMvcEndpoint.get(java.lang.String)
09:17:59.283,Mapped "{[/loggers/{name:.*}],methods=[POST],consumes=[application/vnd.spring-boot.actuator.v1+json || application/json],produces=[application/vnd.spring-boot.actuator.v1+json || application/json]}" onto public java.lang.Object org.springframework.boot.actuate.endpoint.mvc.LoggersMvcEndpoint.set(java.lang.String,java.util.Map<java.lang.String, java.lang.String>)
09:17:59.284,Mapped "{[/loggers || /loggers.json],methods=[GET],produces=[application/vnd.spring-boot.actuator.v1+json || application/json]}" onto public java.lang.Object org.springframework.boot.actuate.endpoint.mvc.EndpointMvcAdapter.invoke()
09:17:59.285,Mapped "{[/features || /features.json],methods=[GET],produces=[application/vnd.spring-boot.actuator.v1+json || application/json]}" onto public java.lang.Object org.springframework.boot.actuate.endpoint.mvc.EndpointMvcAdapter.invoke()
09:17:59.286,Mapped "{[/resume || /resume.json],methods=[POST]}" onto public java.lang.Object org.springframework.cloud.endpoint.GenericPostableMvcEndpoint.invoke()
09:17:59.288,Mapped "{[/metrics/{name:.*}],methods=[GET],produces=[application/vnd.spring-boot.actuator.v1+json || application/json]}" onto public java.lang.Object org.springframework.boot.actuate.endpoint.mvc.MetricsMvcEndpoint.value(java.lang.String)
09:17:59.288,Mapped "{[/metrics || /metrics.json],methods=[GET],produces=[application/vnd.spring-boot.actuator.v1+json || application/json]}" onto public java.lang.Object org.springframework.boot.actuate.endpoint.mvc.EndpointMvcAdapter.invoke()
09:17:59.291,Mapped "{[/auditevents || /auditevents.json],methods=[GET],produces=[application/vnd.spring-boot.actuator.v1+json || application/json]}" onto public org.springframework.http.ResponseEntity<?> org.springframework.boot.actuate.endpoint.mvc.AuditEventsMvcEndpoint.findByPrincipalAndAfterAndType(java.lang.String,java.util.Date,java.lang.String)
09:17:59.292,Mapped "{[/trace || /trace.json],methods=[GET],produces=[application/vnd.spring-boot.actuator.v1+json || application/json]}" onto public java.lang.Object org.springframework.boot.actuate.endpoint.mvc.EndpointMvcAdapter.invoke()
09:17:59.293,Mapped "{[/dump || /dump.json],methods=[GET],produces=[application/vnd.spring-boot.actuator.v1+json || application/json]}" onto public java.lang.Object org.springframework.boot.actuate.endpoint.mvc.EndpointMvcAdapter.invoke()
09:17:59.719,Mapped URL path [/v2/api-docs] onto method [public org.springframework.http.ResponseEntity<springfox.documentation.spring.web.json.Json> springfox.documentation.swagger2.web.Swagger2Controller.getDocumentation(java.lang.String,javax.servlet.http.HttpServletRequest)]
09:18:00.506,Looking for @ControllerAdvice: org.springframework.boot.context.embedded.AnnotationConfigEmbeddedWebApplicationContext@5eeedb60: startup date [Mon Mar 05 09:17:40 CST 2018]; parent: org.springframework.context.annotation.AnnotationConfigApplicationContext@63f259c3
09:18:00.738,Mapped URL path [/webjars/**] onto handler of type [class org.springframework.web.servlet.resource.ResourceHttpRequestHandler]
09:18:00.738,Mapped URL path [/**] onto handler of type [class org.springframework.web.servlet.resource.ResourceHttpRequestHandler]
09:18:00.921,Mapped URL path [/**/favicon.ico] onto handler of type [class org.springframework.web.servlet.resource.ResourceHttpRequestHandler]
09:18:02.314,No URLs will be polled as dynamic configuration sources.
09:18:02.314,To enable URLs as dynamic configuration sources, define System property archaius.configurationSource.additionalUrls or make config.properties available on classpath.
09:18:02.332,No URLs will be polled as dynamic configuration sources.
09:18:02.333,To enable URLs as dynamic configuration sources, define System property archaius.configurationSource.additionalUrls or make config.properties available on classpath.
09:18:03.304,Registering beans for JMX exposure on startup
09:18:03.337,Bean with name 'environmentManager' has been autodetected for JMX exposure
09:18:03.344,Bean with name 'configurationPropertiesRebinder' has been autodetected for JMX exposure
09:18:03.347,Bean with name 'refreshEndpoint' has been autodetected for JMX exposure
09:18:03.348,Bean with name 'restartEndpoint' has been autodetected for JMX exposure
09:18:03.353,Bean with name 'serviceRegistryEndpoint' has been autodetected for JMX exposure
09:18:03.354,Bean with name 'refreshScope' has been autodetected for JMX exposure
09:18:03.408,Located managed bean 'environmentManager': registering with JMX server as MBean [org.springframework.cloud.context.environment:name=environmentManager,type=EnvironmentManager]
09:18:03.454,Located managed bean 'restartEndpoint': registering with JMX server as MBean [org.springframework.cloud.context.restart:name=restartEndpoint,type=RestartEndpoint]
09:18:03.491,Located managed bean 'serviceRegistryEndpoint': registering with JMX server as MBean [org.springframework.cloud.client.serviceregistry.endpoint:name=serviceRegistryEndpoint,type=ServiceRegistryEndpoint]
09:18:03.502,Located managed bean 'refreshScope': registering with JMX server as MBean [org.springframework.cloud.context.scope.refresh:name=refreshScope,type=RefreshScope]
09:18:03.528,Located managed bean 'configurationPropertiesRebinder': registering with JMX server as MBean [org.springframework.cloud.context.properties:name=configurationPropertiesRebinder,context=5eeedb60,type=ConfigurationPropertiesRebinder]
09:18:03.536,Located managed bean 'refreshEndpoint': registering with JMX server as MBean [org.springframework.cloud.endpoint:name=refreshEndpoint,type=RefreshEndpoint]
09:18:03.538,Registering beans for JMX exposure on startup
09:18:03.994,Starting beans in phase 0
09:18:04.020,Setting initial instance status as: STARTING
09:18:04.121,Initializing Eureka in region us-east-1
09:18:04.343,Using JSON encoding codec LegacyJacksonJson
09:18:04.344,Using JSON decoding codec LegacyJacksonJson
09:18:04.583,Using XML encoding codec XStreamXml
09:18:04.583,Using XML decoding codec XStreamXml
09:18:05.289,Resolving eureka endpoints via configuration
09:18:05.786,Disable delta property : false
09:18:05.786,Single vip registry refresh property : null
09:18:05.786,Force full registry fetch : false
09:18:05.786,Application is null : false
09:18:05.786,Registered Applications size is zero : true
09:18:05.786,Application version is -1: true
09:18:05.786,Getting all instance registry info from the eureka server
09:18:06.259,The response status is 200
09:18:06.261,Starting heartbeat executor: renew interval is: 30
09:18:06.266,InstanceInfoReplicator onDemand update allowed rate per min is 4
09:18:06.272,Discovery Client initialized at timestamp 1520212686272 with initial instances count: 4
09:18:06.352,Registering application nhb-nbiot with eureka with status UP
09:18:06.354,Saw local status change event StatusChangeEvent [timestamp=1520212686354, current=UP, previous=STARTING]
09:18:06.364,Located managed bean 'auditEventsEndpoint': registering with JMX server as MBean [org.springframework.boot:type=Endpoint,name=auditEventsEndpoint]
09:18:06.393,Located managed bean 'featuresEndpoint': registering with JMX server as MBean [org.springframework.boot:type=Endpoint,name=featuresEndpoint]
09:18:06.434,Located managed bean 'requestMappingEndpoint': registering with JMX server as MBean [org.springframework.boot:type=Endpoint,name=requestMappingEndpoint]
09:18:06.442,Located managed bean 'environmentEndpoint': registering with JMX server as MBean [org.springframework.boot:type=Endpoint,name=environmentEndpoint]
09:18:06.453,Located managed bean 'healthEndpoint': registering with JMX server as MBean [org.springframework.boot:type=Endpoint,name=healthEndpoint]
09:18:06.480,Located managed bean 'beansEndpoint': registering with JMX server as MBean [org.springframework.boot:type=Endpoint,name=beansEndpoint]
09:18:06.485,Located managed bean 'infoEndpoint': registering with JMX server as MBean [org.springframework.boot:type=Endpoint,name=infoEndpoint]
09:18:06.495,Located managed bean 'loggersEndpoint': registering with JMX server as MBean [org.springframework.boot:type=Endpoint,name=loggersEndpoint]
09:18:06.510,Located managed bean 'metricsEndpoint': registering with JMX server as MBean [org.springframework.boot:type=Endpoint,name=metricsEndpoint]
09:18:06.522,Located managed bean 'traceEndpoint': registering with JMX server as MBean [org.springframework.boot:type=Endpoint,name=traceEndpoint]
09:18:06.527,Located managed bean 'dumpEndpoint': registering with JMX server as MBean [org.springframework.boot:type=Endpoint,name=dumpEndpoint]
09:18:06.532,Located managed bean 'autoConfigurationReportEndpoint': registering with JMX server as MBean [org.springframework.boot:type=Endpoint,name=autoConfigurationReportEndpoint]
09:18:06.537,Located managed bean 'configurationPropertiesReportEndpoint': registering with JMX server as MBean [org.springframework.boot:type=Endpoint,name=configurationPropertiesReportEndpoint]
09:18:06.547,Located managed bean 'archaiusEndpoint': registering with JMX server as MBean [org.springframework.boot:type=Endpoint,name=archaiusEndpoint]
09:18:06.549,Starting beans in phase 2147483647
09:18:06.549,Context refreshed
09:18:06.654,Found 1 custom documentation plugin(s)
09:18:06.693,DiscoveryClient_NHB-NBIOT/xuyahui:nhb-nbiot:9091: registering service...
09:18:06.880,DiscoveryClient_NHB-NBIOT/xuyahui:nhb-nbiot:9091 - registration status: 204
09:18:06.975,Scanning for api listing references
09:18:07.516,Generating unique operation named: addUsingPOST_1
09:18:07.529,Generating unique operation named: deleteUsingPOST_1
09:18:07.542,Generating unique operation named: findByIdUsingPOST_1
09:18:07.551,Generating unique operation named: listUsingPOST_1
09:18:07.559,Generating unique operation named: modifyUsingPOST_1
09:18:07.632,Generating unique operation named: deleteUsingPOST_2
09:18:07.654,Generating unique operation named: findByIdUsingPOST_2
09:18:07.816,Initializing ProtocolHandler ["http-nio-9091"]
09:18:07.838,Starting ProtocolHandler ["http-nio-9091"]
09:18:07.872,Using a shared selector for servlet write/read
09:18:07.983,Tomcat started on port(s): 9091 (http)
09:18:07.985,Updating port to 9091
09:18:07.995,Started NhbNbApplication in 32.192 seconds (JVM running for 33.833)
09:20:34.695,Initializing Spring FrameworkServlet 'dispatcherServlet'
09:20:34.695,FrameworkServlet 'dispatcherServlet': initialization started
09:20:34.822,FrameworkServlet 'dispatcherServlet': initialization completed in 127 ms
09:23:05.793,Resolving eureka endpoints via configuration
09:28:05.797,Resolving eureka endpoints via configuration
09:33:05.801,Resolving eureka endpoints via configuration
16:18:08.156,Refreshing org.springframework.context.annotation.AnnotationConfigApplicationContext@63f259c3: startup date [Mon Mar 05 16:18:08 CST 2018]; root of context hierarchy
16:18:08.953,JSR-330 'javax.inject.Inject' annotation found and supported for autowiring
16:18:08.953,HV000001: Hibernate Validator 5.3.6.Final
16:18:09.063,Bean 'configurationPropertiesRebinderAutoConfiguration' of type [org.springframework.cloud.autoconfigure.ConfigurationPropertiesRebinderAutoConfiguration$$EnhancerBySpringCGLIB$$172d7f21] is not eligible for getting processed by all BeanPostProcessors (for example: not eligible for auto-proxying)
16:18:10.638,No active profile set, falling back to default profiles: default
16:18:10.706,Refreshing org.springframework.boot.context.embedded.AnnotationConfigEmbeddedWebApplicationContext@1e7f2e0f: startup date [Mon Mar 05 16:18:10 CST 2018]; parent: org.springframework.context.annotation.AnnotationConfigApplicationContext@63f259c3
16:18:13.857,BeanFactory id=561935aa-321c-390d-a9b5-af85a74f3251
16:18:13.951,JSR-330 'javax.inject.Inject' annotation found and supported for autowiring
16:18:14.052,Bean 'com.nhb.nb.feign.DeviceManageFeign' of type [org.springframework.cloud.netflix.feign.FeignClientFactoryBean] is not eligible for getting processed by all BeanPostProcessors (for example: not eligible for auto-proxying)
16:18:14.156,Bean 'org.springframework.cloud.netflix.metrics.MetricsInterceptorConfiguration$MetricsRestTemplateConfiguration' of type [org.springframework.cloud.netflix.metrics.MetricsInterceptorConfiguration$MetricsRestTemplateConfiguration$$EnhancerBySpringCGLIB$$2d402265] is not eligible for getting processed by all BeanPostProcessors (for example: not eligible for auto-proxying)
16:18:14.217,Bean 'org.springframework.cloud.autoconfigure.ConfigurationPropertiesRebinderAutoConfiguration' of type [org.springframework.cloud.autoconfigure.ConfigurationPropertiesRebinderAutoConfiguration$$EnhancerBySpringCGLIB$$172d7f21] is not eligible for getting processed by all BeanPostProcessors (for example: not eligible for auto-proxying)
16:18:15.471,Tomcat initialized with port(s): 9091 (http)
16:18:15.495,Starting service [Tomcat]
16:18:15.498,Starting Servlet Engine: Apache Tomcat/8.5.27
16:18:15.829,Initializing Spring embedded WebApplicationContext
16:18:15.830,Root WebApplicationContext: initialization completed in 5124 ms
16:18:16.393,Mapping servlet: 'dispatcherServlet' to [/]
16:18:16.402,Mapping filter: 'metricsFilter' to: [/*]
16:18:16.402,Mapping filter: 'characterEncodingFilter' to: [/*]
16:18:16.402,Mapping filter: 'hiddenHttpMethodFilter' to: [/*]
16:18:16.403,Mapping filter: 'httpPutFormContentFilter' to: [/*]
16:18:16.403,Mapping filter: 'requestContextFilter' to: [/*]
16:18:16.403,Mapping filter: 'webRequestLoggingFilter' to: [/*]
16:18:16.403,Mapping filter: 'applicationContextIdFilter' to: [/*]
16:18:19.256,Cluster created with settings {hosts=[192.168.1.90:17000], mode=MULTIPLE, requiredClusterType=UNKNOWN, serverSelectionTimeout='30000 ms', maxWaitQueueSize=500}
16:18:19.257,Adding discovered server 192.168.1.90:17000 to client view of cluster
16:18:19.486,Opened connection [connectionId{localValue:1, serverValue:1292}] to 192.168.1.90:17000
16:18:19.490,Monitor thread successfully connected to server with description ServerDescription{address=192.168.1.90:17000, type=STANDALONE, state=CONNECTED, ok=true, version=ServerVersion{versionList=[3, 4, 6]}, minWireVersion=0, maxWireVersion=5, maxDocumentSize=16777216, roundTripTimeNanos=1816659}
16:18:19.492,Discovered cluster type of STANDALONE
16:18:20.097,Opened connection [connectionId{localValue:2, serverValue:1293}] to 192.168.1.90:17000
16:18:20.528,Refreshing org.springframework.context.annotation.AnnotationConfigApplicationContext@72110818: startup date [Mon Mar 05 16:18:20 CST 2018]; parent: org.springframework.boot.context.embedded.AnnotationConfigEmbeddedWebApplicationContext@1e7f2e0f
16:18:20.637,JSR-330 'javax.inject.Inject' annotation found and supported for autowiring
16:18:23.604,Mapped "{[/nbiot/v1/area/add],methods=[POST]}" onto public com.nhb.utils.nhb_utils.common.RestResultDto com.nhb.nb.controller.area.SysAreaController.add(com.nhb.nb.request.area.AreaRequest)
16:18:23.606,Mapped "{[/nbiot/v1/area/delete],methods=[POST]}" onto public com.nhb.utils.nhb_utils.common.RestResultDto com.nhb.nb.controller.area.SysAreaController.delete(com.nhb.nb.request.area.AreaRequest)
16:18:23.607,Mapped "{[/nbiot/v1/area/list],methods=[POST]}" onto public com.nhb.utils.nhb_utils.common.RestResultDto com.nhb.nb.controller.area.SysAreaController.list(com.nhb.nb.request.area.AreaRequest)
16:18:23.607,Mapped "{[/nbiot/v1/area/findById],methods=[POST]}" onto public com.nhb.utils.nhb_utils.common.RestResultDto com.nhb.nb.controller.area.SysAreaController.findById(com.nhb.nb.request.area.AreaRequest)
16:18:23.608,Mapped "{[/nbiot/v1/area/modify],methods=[POST]}" onto public com.nhb.utils.nhb_utils.common.RestResultDto com.nhb.nb.controller.area.SysAreaController.modify(com.nhb.nb.request.area.AreaRequest)
16:18:23.610,Mapped "{[/nbiot/v1/data/history],methods=[POST]}" onto public com.nhb.utils.nhb_utils.common.RestResultDto com.nhb.nb.controller.data.DataController.findHistoryData(com.nhb.nb.request.data.DataHistoryRequest)
16:18:23.611,Mapped "{[/nbiot/v1/data/realtime],methods=[POST]}" onto public com.nhb.utils.nhb_utils.common.RestResultDto com.nhb.nb.controller.data.DataController.findRealtimeData(com.nhb.nb.request.data.DataRealtimeRequest)
16:18:23.611,Mapped "{[/nbiot/v1/data/exportData],methods=[GET]}" onto public void com.nhb.nb.controller.data.DataController.exportData(java.lang.String,java.lang.String,java.lang.String,javax.servlet.http.HttpServletResponse)
16:18:23.615,Mapped "{[/nbiot/v1/device/add],methods=[POST]}" onto public com.nhb.utils.nhb_utils.common.RestResultDto com.nhb.nb.controller.device.DeviceController.add(com.nhb.nb.request.device.DeviceRequest)
16:18:23.616,Mapped "{[/nbiot/v1/device/delete],methods=[POST]}" onto public com.nhb.utils.nhb_utils.common.RestResultDto com.nhb.nb.controller.device.DeviceController.delete(com.nhb.nb.request.device.DeviceRequest)
16:18:23.616,Mapped "{[/nbiot/v1/device/list],methods=[POST]}" onto public com.nhb.utils.nhb_utils.common.RestResultDto com.nhb.nb.controller.device.DeviceController.list()
16:18:23.616,Mapped "{[/nbiot/v1/device/findById],methods=[POST]}" onto public com.nhb.utils.nhb_utils.common.RestResultDto com.nhb.nb.controller.device.DeviceController.findById(com.nhb.nb.request.device.DeviceRequest)
16:18:23.617,Mapped "{[/nbiot/v1/device/modify],methods=[POST]}" onto public com.nhb.utils.nhb_utils.common.RestResultDto com.nhb.nb.controller.device.DeviceController.modify(com.nhb.nb.request.device.DeviceRequest)
16:18:23.625,Mapped "{[/nbiot/v1/user/delete],methods=[POST]}" onto public com.nhb.utils.nhb_utils.common.RestResultDto<java.lang.Object> com.nhb.nb.controller.user.SysUserController.delete(com.nhb.nb.request.user.UserRequest)
16:18:23.627,Mapped "{[/nbiot/v1/user/findById],methods=[POST]}" onto public com.nhb.utils.nhb_utils.common.RestResultDto<java.lang.Object> com.nhb.nb.controller.user.SysUserController.findById(com.nhb.nb.request.user.LoginRequest)
16:18:23.628,Mapped "{[/nbiot/v1/user/add],methods=[POST]}" onto public com.nhb.utils.nhb_utils.common.RestResultDto<java.lang.Object> com.nhb.nb.controller.user.SysUserController.addUser(com.nhb.nb.request.user.UserRequest)
16:18:23.630,Mapped "{[/nbiot/v1/user/findList],methods=[POST]}" onto public com.nhb.utils.nhb_utils.common.RestResultDto<java.lang.Object> com.nhb.nb.controller.user.SysUserController.findList(com.nhb.nb.request.user.UserRequest)
16:18:23.631,Mapped "{[/nbiot/v1/user/login],methods=[POST]}" onto public com.nhb.utils.nhb_utils.common.RestResultDto<java.lang.Object> com.nhb.nb.controller.user.SysUserController.login(com.nhb.nb.request.user.LoginRequest)
16:18:23.633,Mapped "{[/nbiot/v1/user/modify],methods=[POST]}" onto public com.nhb.utils.nhb_utils.common.RestResultDto<java.lang.Object> com.nhb.nb.controller.user.SysUserController.modifyUser(com.nhb.nb.request.user.UserRequest)
16:18:23.641,Mapped "{[/swagger-resources]}" onto public org.springframework.http.ResponseEntity<java.util.List<springfox.documentation.swagger.web.SwaggerResource>> springfox.documentation.swagger.web.ApiResourceController.swaggerResources()
16:18:23.642,Mapped "{[/swagger-resources/configuration/ui]}" onto public org.springframework.http.ResponseEntity<springfox.documentation.swagger.web.UiConfiguration> springfox.documentation.swagger.web.ApiResourceController.uiConfiguration()
16:18:23.645,Mapped "{[/swagger-resources/configuration/security]}" onto public org.springframework.http.ResponseEntity<springfox.documentation.swagger.web.SecurityConfiguration> springfox.documentation.swagger.web.ApiResourceController.securityConfiguration()
16:18:23.651,Mapped "{[/error]}" onto public org.springframework.http.ResponseEntity<java.util.Map<java.lang.String, java.lang.Object>> org.springframework.boot.autoconfigure.web.BasicErrorController.error(javax.servlet.http.HttpServletRequest)
16:18:23.652,Mapped "{[/error],produces=[text/html]}" onto public org.springframework.web.servlet.ModelAndView org.springframework.boot.autoconfigure.web.BasicErrorController.errorHtml(javax.servlet.http.HttpServletRequest,javax.servlet.http.HttpServletResponse)
16:18:25.926,Mapped "{[/env/{name:.*}],methods=[GET],produces=[application/vnd.spring-boot.actuator.v1+json || application/json]}" onto public java.lang.Object org.springframework.boot.actuate.endpoint.mvc.EnvironmentMvcEndpoint.value(java.lang.String)
16:18:25.927,Mapped "{[/env || /env.json],methods=[GET],produces=[application/vnd.spring-boot.actuator.v1+json || application/json]}" onto public java.lang.Object org.springframework.boot.actuate.endpoint.mvc.EndpointMvcAdapter.invoke()
16:18:25.928,Mapped "{[/autoconfig || /autoconfig.json],methods=[GET],produces=[application/vnd.spring-boot.actuator.v1+json || application/json]}" onto public java.lang.Object org.springframework.boot.actuate.endpoint.mvc.EndpointMvcAdapter.invoke()
16:18:25.930,Mapped "{[/features || /features.json],methods=[GET],produces=[application/vnd.spring-boot.actuator.v1+json || application/json]}" onto public java.lang.Object org.springframework.boot.actuate.endpoint.mvc.EndpointMvcAdapter.invoke()
16:18:25.933,Mapped "{[/heapdump || /heapdump.json],methods=[GET],produces=[application/octet-stream]}" onto public void org.springframework.boot.actuate.endpoint.mvc.HeapdumpMvcEndpoint.invoke(boolean,javax.servlet.http.HttpServletRequest,javax.servlet.http.HttpServletResponse) throws java.io.IOException,javax.servlet.ServletException
16:18:25.934,Mapped "{[/service-registry/instance-status],methods=[GET]}" onto public org.springframework.http.ResponseEntity org.springframework.cloud.client.serviceregistry.endpoint.ServiceRegistryEndpoint.getStatus()
16:18:25.935,Mapped "{[/service-registry/instance-status],methods=[POST]}" onto public org.springframework.http.ResponseEntity<?> org.springframework.cloud.client.serviceregistry.endpoint.ServiceRegistryEndpoint.setStatus(java.lang.String)
16:18:25.937,Mapped "{[/restart || /restart.json],methods=[POST]}" onto public java.lang.Object org.springframework.cloud.context.restart.RestartMvcEndpoint.invoke()
16:18:25.939,Mapped "{[/beans || /beans.json],methods=[GET],produces=[application/vnd.spring-boot.actuator.v1+json || application/json]}" onto public java.lang.Object org.springframework.boot.actuate.endpoint.mvc.EndpointMvcAdapter.invoke()
16:18:25.940,Mapped "{[/info || /info.json],methods=[GET],produces=[application/vnd.spring-boot.actuator.v1+json || application/json]}" onto public java.lang.Object org.springframework.boot.actuate.endpoint.mvc.EndpointMvcAdapter.invoke()
16:18:25.940,Mapped "{[/archaius || /archaius.json],methods=[GET],produces=[application/vnd.spring-boot.actuator.v1+json || application/json]}" onto public java.lang.Object org.springframework.boot.actuate.endpoint.mvc.EndpointMvcAdapter.invoke()
16:18:25.943,Mapped "{[/auditevents || /auditevents.json],methods=[GET],produces=[application/vnd.spring-boot.actuator.v1+json || application/json]}" onto public org.springframework.http.ResponseEntity<?> org.springframework.boot.actuate.endpoint.mvc.AuditEventsMvcEndpoint.findByPrincipalAndAfterAndType(java.lang.String,java.util.Date,java.lang.String)
16:18:25.944,Mapped "{[/trace || /trace.json],methods=[GET],produces=[application/vnd.spring-boot.actuator.v1+json || application/json]}" onto public java.lang.Object org.springframework.boot.actuate.endpoint.mvc.EndpointMvcAdapter.invoke()
16:18:25.945,Mapped "{[/dump || /dump.json],methods=[GET],produces=[application/vnd.spring-boot.actuator.v1+json || application/json]}" onto public java.lang.Object org.springframework.boot.actuate.endpoint.mvc.EndpointMvcAdapter.invoke()
16:18:25.947,Mapped "{[/metrics/{name:.*}],methods=[GET],produces=[application/vnd.spring-boot.actuator.v1+json || application/json]}" onto public java.lang.Object org.springframework.boot.actuate.endpoint.mvc.MetricsMvcEndpoint.value(java.lang.String)
16:18:25.947,Mapped "{[/metrics || /metrics.json],methods=[GET],produces=[application/vnd.spring-boot.actuator.v1+json || application/json]}" onto public java.lang.Object org.springframework.boot.actuate.endpoint.mvc.EndpointMvcAdapter.invoke()
16:18:25.949,Mapped "{[/refresh || /refresh.json],methods=[POST]}" onto public java.lang.Object org.springframework.cloud.endpoint.GenericPostableMvcEndpoint.invoke()
16:18:25.950,Mapped "{[/resume || /resume.json],methods=[POST]}" onto public java.lang.Object org.springframework.cloud.endpoint.GenericPostableMvcEndpoint.invoke()
16:18:25.955,Mapped "{[/health || /health.json],methods=[GET],produces=[application/vnd.spring-boot.actuator.v1+json || application/json]}" onto public java.lang.Object org.springframework.boot.actuate.endpoint.mvc.HealthMvcEndpoint.invoke(javax.servlet.http.HttpServletRequest,java.security.Principal)
16:18:25.961,Mapped "{[/loggers/{name:.*}],methods=[GET],produces=[application/vnd.spring-boot.actuator.v1+json || application/json]}" onto public java.lang.Object org.springframework.boot.actuate.endpoint.mvc.LoggersMvcEndpoint.get(java.lang.String)
16:18:25.961,Mapped "{[/loggers/{name:.*}],methods=[POST],consumes=[application/vnd.spring-boot.actuator.v1+json || application/json],produces=[application/vnd.spring-boot.actuator.v1+json || application/json]}" onto public java.lang.Object org.springframework.boot.actuate.endpoint.mvc.LoggersMvcEndpoint.set(java.lang.String,java.util.Map<java.lang.String, java.lang.String>)
16:18:25.962,Mapped "{[/loggers || /loggers.json],methods=[GET],produces=[application/vnd.spring-boot.actuator.v1+json || application/json]}" onto public java.lang.Object org.springframework.boot.actuate.endpoint.mvc.EndpointMvcAdapter.invoke()
16:18:25.964,Mapped "{[/env],methods=[POST]}" onto public java.lang.Object org.springframework.cloud.context.environment.EnvironmentManagerMvcEndpoint.value(java.util.Map<java.lang.String, java.lang.String>)
16:18:25.965,Mapped "{[/env/reset],methods=[POST]}" onto public java.util.Map<java.lang.String, java.lang.Object> org.springframework.cloud.context.environment.EnvironmentManagerMvcEndpoint.reset()
16:18:25.966,Mapped "{[/mappings || /mappings.json],methods=[GET],produces=[application/vnd.spring-boot.actuator.v1+json || application/json]}" onto public java.lang.Object org.springframework.boot.actuate.endpoint.mvc.EndpointMvcAdapter.invoke()
16:18:25.967,Mapped "{[/pause || /pause.json],methods=[POST]}" onto public java.lang.Object org.springframework.cloud.endpoint.GenericPostableMvcEndpoint.invoke()
16:18:25.968,Mapped "{[/configprops || /configprops.json],methods=[GET],produces=[application/vnd.spring-boot.actuator.v1+json || application/json]}" onto public java.lang.Object org.springframework.boot.actuate.endpoint.mvc.EndpointMvcAdapter.invoke()
16:18:26.385,Mapped URL path [/v2/api-docs] onto method [public org.springframework.http.ResponseEntity<springfox.documentation.spring.web.json.Json> springfox.documentation.swagger2.web.Swagger2Controller.getDocumentation(java.lang.String,javax.servlet.http.HttpServletRequest)]
16:18:26.926,Looking for @ControllerAdvice: org.springframework.boot.context.embedded.AnnotationConfigEmbeddedWebApplicationContext@1e7f2e0f: startup date [Mon Mar 05 16:18:10 CST 2018]; parent: org.springframework.context.annotation.AnnotationConfigApplicationContext@63f259c3
16:18:27.067,Mapped URL path [/webjars/**] onto handler of type [class org.springframework.web.servlet.resource.ResourceHttpRequestHandler]
16:18:27.067,Mapped URL path [/**] onto handler of type [class org.springframework.web.servlet.resource.ResourceHttpRequestHandler]
16:18:27.176,Mapped URL path [/**/favicon.ico] onto handler of type [class org.springframework.web.servlet.resource.ResourceHttpRequestHandler]
16:18:28.277,No URLs will be polled as dynamic configuration sources.
16:18:28.277,To enable URLs as dynamic configuration sources, define System property archaius.configurationSource.additionalUrls or make config.properties available on classpath.
16:18:28.294,No URLs will be polled as dynamic configuration sources.
16:18:28.295,To enable URLs as dynamic configuration sources, define System property archaius.configurationSource.additionalUrls or make config.properties available on classpath.
16:18:28.732,Registering beans for JMX exposure on startup
16:18:28.751,Bean with name 'environmentManager' has been autodetected for JMX exposure
16:18:28.754,Bean with name 'configurationPropertiesRebinder' has been autodetected for JMX exposure
16:18:28.755,Bean with name 'refreshEndpoint' has been autodetected for JMX exposure
16:18:28.756,Bean with name 'restartEndpoint' has been autodetected for JMX exposure
16:18:28.758,Bean with name 'serviceRegistryEndpoint' has been autodetected for JMX exposure
16:18:28.759,Bean with name 'refreshScope' has been autodetected for JMX exposure
16:18:28.765,Located managed bean 'environmentManager': registering with JMX server as MBean [org.springframework.cloud.context.environment:name=environmentManager,type=EnvironmentManager]
16:18:28.797,Located managed bean 'restartEndpoint': registering with JMX server as MBean [org.springframework.cloud.context.restart:name=restartEndpoint,type=RestartEndpoint]
16:18:28.823,Located managed bean 'serviceRegistryEndpoint': registering with JMX server as MBean [org.springframework.cloud.client.serviceregistry.endpoint:name=serviceRegistryEndpoint,type=ServiceRegistryEndpoint]
16:18:28.834,Located managed bean 'refreshScope': registering with JMX server as MBean [org.springframework.cloud.context.scope.refresh:name=refreshScope,type=RefreshScope]
16:18:28.858,Located managed bean 'configurationPropertiesRebinder': registering with JMX server as MBean [org.springframework.cloud.context.properties:name=configurationPropertiesRebinder,context=1e7f2e0f,type=ConfigurationPropertiesRebinder]
16:18:28.878,Located managed bean 'refreshEndpoint': registering with JMX server as MBean [org.springframework.cloud.endpoint:name=refreshEndpoint,type=RefreshEndpoint]
16:18:28.879,Registering beans for JMX exposure on startup
16:18:29.537,Starting beans in phase 0
16:18:29.551,Setting initial instance status as: STARTING
16:18:29.629,Initializing Eureka in region us-east-1
16:18:29.796,Using JSON encoding codec LegacyJacksonJson
16:18:29.796,Using JSON decoding codec LegacyJacksonJson
16:18:30.032,Using XML encoding codec XStreamXml
16:18:30.033,Using XML decoding codec XStreamXml
16:18:30.516,Resolving eureka endpoints via configuration
16:18:30.791,Disable delta property : false
16:18:30.791,Single vip registry refresh property : null
16:18:30.791,Force full registry fetch : false
16:18:30.791,Application is null : false
16:18:30.791,Registered Applications size is zero : true
16:18:30.791,Application version is -1: true
16:18:30.791,Getting all instance registry info from the eureka server
16:18:31.146,The response status is 200
16:18:31.147,Starting heartbeat executor: renew interval is: 30
16:18:31.153,InstanceInfoReplicator onDemand update allowed rate per min is 4
16:18:31.158,Discovery Client initialized at timestamp 1520237911158 with initial instances count: 4
16:18:31.217,Registering application nhb-nbiot with eureka with status UP
16:18:31.219,Saw local status change event StatusChangeEvent [timestamp=1520237911219, current=UP, previous=STARTING]
16:18:31.227,Located managed bean 'auditEventsEndpoint': registering with JMX server as MBean [org.springframework.boot:type=Endpoint,name=auditEventsEndpoint]
16:18:31.246,Located managed bean 'featuresEndpoint': registering with JMX server as MBean [org.springframework.boot:type=Endpoint,name=featuresEndpoint]
16:18:31.261,Located managed bean 'requestMappingEndpoint': registering with JMX server as MBean [org.springframework.boot:type=Endpoint,name=requestMappingEndpoint]
16:18:31.268,Located managed bean 'environmentEndpoint': registering with JMX server as MBean [org.springframework.boot:type=Endpoint,name=environmentEndpoint]
16:18:31.269,DiscoveryClient_NHB-NBIOT/xuyahui:nhb-nbiot:9091: registering service...
16:18:31.279,Located managed bean 'healthEndpoint': registering with JMX server as MBean [org.springframework.boot:type=Endpoint,name=healthEndpoint]
16:18:31.284,Located managed bean 'beansEndpoint': registering with JMX server as MBean [org.springframework.boot:type=Endpoint,name=beansEndpoint]
16:18:31.288,Located managed bean 'infoEndpoint': registering with JMX server as MBean [org.springframework.boot:type=Endpoint,name=infoEndpoint]
16:18:31.292,Located managed bean 'loggersEndpoint': registering with JMX server as MBean [org.springframework.boot:type=Endpoint,name=loggersEndpoint]
16:18:31.306,Located managed bean 'metricsEndpoint': registering with JMX server as MBean [org.springframework.boot:type=Endpoint,name=metricsEndpoint]
16:18:31.311,Located managed bean 'traceEndpoint': registering with JMX server as MBean [org.springframework.boot:type=Endpoint,name=traceEndpoint]
16:18:31.316,Located managed bean 'dumpEndpoint': registering with JMX server as MBean [org.springframework.boot:type=Endpoint,name=dumpEndpoint]
16:18:31.320,Located managed bean 'autoConfigurationReportEndpoint': registering with JMX server as MBean [org.springframework.boot:type=Endpoint,name=autoConfigurationReportEndpoint]
16:18:31.327,Located managed bean 'configurationPropertiesReportEndpoint': registering with JMX server as MBean [org.springframework.boot:type=Endpoint,name=configurationPropertiesReportEndpoint]
16:18:31.332,Located managed bean 'archaiusEndpoint': registering with JMX server as MBean [org.springframework.boot:type=Endpoint,name=archaiusEndpoint]
16:18:31.334,Starting beans in phase 2147483647
16:18:31.335,Context refreshed
16:18:31.366,DiscoveryClient_NHB-NBIOT/xuyahui:nhb-nbiot:9091 - registration status: 204
16:18:31.387,Found 1 custom documentation plugin(s)
16:18:31.491,Scanning for api listing references
16:18:31.814,Generating unique operation named: addUsingPOST_1
16:18:31.824,Generating unique operation named: deleteUsingPOST_1
16:18:31.842,Generating unique operation named: findByIdUsingPOST_1
16:18:31.851,Generating unique operation named: listUsingPOST_1
16:18:31.861,Generating unique operation named: modifyUsingPOST_1
16:18:31.906,Generating unique operation named: deleteUsingPOST_2
16:18:31.926,Generating unique operation named: findByIdUsingPOST_2
16:18:32.046,Initializing ProtocolHandler ["http-nio-9091"]
16:18:32.079,Starting ProtocolHandler ["http-nio-9091"]
16:18:32.106,Using a shared selector for servlet write/read
16:18:32.163,Tomcat started on port(s): 9091 (http)
16:18:32.168,Updating port to 9091
16:18:32.180,Started NhbNbApplication in 25.428 seconds (JVM running for 26.499)
16:19:39.073,Initializing Spring FrameworkServlet 'dispatcherServlet'
16:19:39.073,FrameworkServlet 'dispatcherServlet': initialization started
16:19:39.110,FrameworkServlet 'dispatcherServlet': initialization completed in 36 ms
16:23:30.797,Resolving eureka endpoints via configuration
16:28:30.804,Resolving eureka endpoints via configuration
16:33:30.809,Resolving eureka endpoints via configuration
16:38:30.815,Resolving eureka endpoints via configuration
16:43:30.819,Resolving eureka endpoints via configuration
16:48:30.823,Resolving eureka endpoints via configuration
16:53:30.827,Resolving eureka endpoints via configuration
16:58:30.831,Resolving eureka endpoints via configuration
17:03:30.835,Resolving eureka endpoints via configuration
17:08:30.840,Resolving eureka endpoints via configuration
17:13:54.732,Refreshing org.springframework.context.annotation.AnnotationConfigApplicationContext@63f259c3: startup date [Mon Mar 05 17:13:54 CST 2018]; root of context hierarchy
17:13:55.616,JSR-330 'javax.inject.Inject' annotation found and supported for autowiring
17:13:55.713,HV000001: Hibernate Validator 5.3.6.Final
17:13:55.720,Bean 'configurationPropertiesRebinderAutoConfiguration' of type [org.springframework.cloud.autoconfigure.ConfigurationPropertiesRebinderAutoConfiguration$$EnhancerBySpringCGLIB$$172d7f21] is not eligible for getting processed by all BeanPostProcessors (for example: not eligible for auto-proxying)
17:13:56.908,No active profile set, falling back to default profiles: default
17:13:56.941,Refreshing org.springframework.boot.context.embedded.AnnotationConfigEmbeddedWebApplicationContext@435ce306: startup date [Mon Mar 05 17:13:56 CST 2018]; parent: org.springframework.context.annotation.AnnotationConfigApplicationContext@63f259c3
17:13:59.440,BeanFactory id=561935aa-321c-390d-a9b5-af85a74f3251
17:13:59.518,JSR-330 'javax.inject.Inject' annotation found and supported for autowiring
17:13:59.608,Bean 'com.nhb.nb.feign.DeviceManageFeign' of type [org.springframework.cloud.netflix.feign.FeignClientFactoryBean] is not eligible for getting processed by all BeanPostProcessors (for example: not eligible for auto-proxying)
17:13:59.717,Bean 'org.springframework.cloud.netflix.metrics.MetricsInterceptorConfiguration$MetricsRestTemplateConfiguration' of type [org.springframework.cloud.netflix.metrics.MetricsInterceptorConfiguration$MetricsRestTemplateConfiguration$$EnhancerBySpringCGLIB$$2d402265] is not eligible for getting processed by all BeanPostProcessors (for example: not eligible for auto-proxying)
17:13:59.750,Bean 'org.springframework.cloud.autoconfigure.ConfigurationPropertiesRebinderAutoConfiguration' of type [org.springframework.cloud.autoconfigure.ConfigurationPropertiesRebinderAutoConfiguration$$EnhancerBySpringCGLIB$$172d7f21] is not eligible for getting processed by all BeanPostProcessors (for example: not eligible for auto-proxying)
17:14:00.891,Tomcat initialized with port(s): 9091 (http)
17:14:00.914,Starting service [Tomcat]
17:14:00.917,Starting Servlet Engine: Apache Tomcat/8.5.27
17:14:01.210,Initializing Spring embedded WebApplicationContext
17:14:01.211,Root WebApplicationContext: initialization completed in 4270 ms
17:14:01.858,Mapping servlet: 'dispatcherServlet' to [/]
17:14:01.872,Mapping filter: 'metricsFilter' to: [/*]
17:14:01.875,Mapping filter: 'characterEncodingFilter' to: [/*]
17:14:01.876,Mapping filter: 'hiddenHttpMethodFilter' to: [/*]
17:14:01.876,Mapping filter: 'httpPutFormContentFilter' to: [/*]
17:14:01.876,Mapping filter: 'requestContextFilter' to: [/*]
17:14:01.876,Mapping filter: 'webRequestLoggingFilter' to: [/*]
17:14:01.877,Mapping filter: 'applicationContextIdFilter' to: [/*]
17:14:03.747,Cluster created with settings {hosts=[192.168.1.90:17000], mode=MULTIPLE, requiredClusterType=UNKNOWN, serverSelectionTimeout='30000 ms', maxWaitQueueSize=500}
17:14:03.748,Adding discovered server 192.168.1.90:17000 to client view of cluster
17:14:03.969,Opened connection [connectionId{localValue:1, serverValue:1294}] to 192.168.1.90:17000
17:14:03.977,Monitor thread successfully connected to server with description ServerDescription{address=192.168.1.90:17000, type=STANDALONE, state=CONNECTED, ok=true, version=ServerVersion{versionList=[3, 4, 6]}, minWireVersion=0, maxWireVersion=5, maxDocumentSize=16777216, roundTripTimeNanos=1840427}
17:14:03.980,Discovered cluster type of STANDALONE
17:14:04.410,Opened connection [connectionId{localValue:2, serverValue:1295}] to 192.168.1.90:17000
17:14:04.785,Refreshing org.springframework.context.annotation.AnnotationConfigApplicationContext@138a85d3: startup date [Mon Mar 05 17:14:04 CST 2018]; parent: org.springframework.boot.context.embedded.AnnotationConfigEmbeddedWebApplicationContext@435ce306
17:14:04.834,JSR-330 'javax.inject.Inject' annotation found and supported for autowiring
17:14:06.484,Mapped "{[/nbiot/v1/area/add],methods=[POST]}" onto public com.nhb.utils.nhb_utils.common.RestResultDto com.nhb.nb.controller.area.SysAreaController.add(com.nhb.nb.request.area.AreaRequest)
17:14:06.486,Mapped "{[/nbiot/v1/area/delete],methods=[POST]}" onto public com.nhb.utils.nhb_utils.common.RestResultDto com.nhb.nb.controller.area.SysAreaController.delete(com.nhb.nb.request.area.AreaRequest)
17:14:06.486,Mapped "{[/nbiot/v1/area/list],methods=[POST]}" onto public com.nhb.utils.nhb_utils.common.RestResultDto com.nhb.nb.controller.area.SysAreaController.list(com.nhb.nb.request.area.AreaRequest)
17:14:06.487,Mapped "{[/nbiot/v1/area/modify],methods=[POST]}" onto public com.nhb.utils.nhb_utils.common.RestResultDto com.nhb.nb.controller.area.SysAreaController.modify(com.nhb.nb.request.area.AreaRequest)
17:14:06.487,Mapped "{[/nbiot/v1/area/findById],methods=[POST]}" onto public com.nhb.utils.nhb_utils.common.RestResultDto com.nhb.nb.controller.area.SysAreaController.findById(com.nhb.nb.request.area.AreaRequest)
17:14:06.489,Mapped "{[/nbiot/v1/data/history],methods=[POST]}" onto public com.nhb.utils.nhb_utils.common.RestResultDto com.nhb.nb.controller.data.DataController.findHistoryData(com.nhb.nb.request.data.DataHistoryRequest)
17:14:06.490,Mapped "{[/nbiot/v1/data/realtime],methods=[POST]}" onto public com.nhb.utils.nhb_utils.common.RestResultDto com.nhb.nb.controller.data.DataController.findRealtimeData(com.nhb.nb.request.data.DataRealtimeRequest)
17:14:06.490,Mapped "{[/nbiot/v1/data/exportData],methods=[GET]}" onto public void com.nhb.nb.controller.data.DataController.exportData(java.lang.String,java.lang.String,java.lang.String,javax.servlet.http.HttpServletResponse)
17:14:06.495,Mapped "{[/nbiot/v1/device/add],methods=[POST]}" onto public com.nhb.utils.nhb_utils.common.RestResultDto com.nhb.nb.controller.device.DeviceController.add(com.nhb.nb.request.device.DeviceRequest)
17:14:06.495,Mapped "{[/nbiot/v1/device/delete],methods=[POST]}" onto public com.nhb.utils.nhb_utils.common.RestResultDto com.nhb.nb.controller.device.DeviceController.delete(com.nhb.nb.request.device.DeviceRequest)
17:14:06.496,Mapped "{[/nbiot/v1/device/list],methods=[POST]}" onto public com.nhb.utils.nhb_utils.common.RestResultDto com.nhb.nb.controller.device.DeviceController.list()
17:14:06.496,Mapped "{[/nbiot/v1/device/modify],methods=[POST]}" onto public com.nhb.utils.nhb_utils.common.RestResultDto com.nhb.nb.controller.device.DeviceController.modify(com.nhb.nb.request.device.DeviceRequest)
17:14:06.497,Mapped "{[/nbiot/v1/device/findById],methods=[POST]}" onto public com.nhb.utils.nhb_utils.common.RestResultDto com.nhb.nb.controller.device.DeviceController.findById(com.nhb.nb.request.device.DeviceRequest)
17:14:06.503,Mapped "{[/nbiot/v1/user/delete],methods=[POST]}" onto public com.nhb.utils.nhb_utils.common.RestResultDto<java.lang.Object> com.nhb.nb.controller.user.SysUserController.delete(com.nhb.nb.request.user.UserRequest)
17:14:06.504,Mapped "{[/nbiot/v1/user/add],methods=[POST]}" onto public com.nhb.utils.nhb_utils.common.RestResultDto<java.lang.Object> com.nhb.nb.controller.user.SysUserController.addUser(com.nhb.nb.request.user.UserRequest)
17:14:06.505,Mapped "{[/nbiot/v1/user/findList],methods=[POST]}" onto public com.nhb.utils.nhb_utils.common.RestResultDto<java.lang.Object> com.nhb.nb.controller.user.SysUserController.findList(com.nhb.nb.request.user.UserRequest)
17:14:06.505,Mapped "{[/nbiot/v1/user/login],methods=[POST]}" onto public com.nhb.utils.nhb_utils.common.RestResultDto<java.lang.Object> com.nhb.nb.controller.user.SysUserController.login(com.nhb.nb.request.user.LoginRequest)
17:14:06.506,Mapped "{[/nbiot/v1/user/modify],methods=[POST]}" onto public com.nhb.utils.nhb_utils.common.RestResultDto<java.lang.Object> com.nhb.nb.controller.user.SysUserController.modifyUser(com.nhb.nb.request.user.UserRequest)
17:14:06.507,Mapped "{[/nbiot/v1/user/findById],methods=[POST]}" onto public com.nhb.utils.nhb_utils.common.RestResultDto<java.lang.Object> com.nhb.nb.controller.user.SysUserController.findById(com.nhb.nb.request.user.LoginRequest)
17:14:06.514,Mapped "{[/swagger-resources/configuration/security]}" onto public org.springframework.http.ResponseEntity<springfox.documentation.swagger.web.SecurityConfiguration> springfox.documentation.swagger.web.ApiResourceController.securityConfiguration()
17:14:06.516,Mapped "{[/swagger-resources]}" onto public org.springframework.http.ResponseEntity<java.util.List<springfox.documentation.swagger.web.SwaggerResource>> springfox.documentation.swagger.web.ApiResourceController.swaggerResources()
17:14:06.518,Mapped "{[/swagger-resources/configuration/ui]}" onto public org.springframework.http.ResponseEntity<springfox.documentation.swagger.web.UiConfiguration> springfox.documentation.swagger.web.ApiResourceController.uiConfiguration()
17:14:06.526,Mapped "{[/error]}" onto public org.springframework.http.ResponseEntity<java.util.Map<java.lang.String, java.lang.Object>> org.springframework.boot.autoconfigure.web.BasicErrorController.error(javax.servlet.http.HttpServletRequest)
17:14:06.527,Mapped "{[/error],produces=[text/html]}" onto public org.springframework.web.servlet.ModelAndView org.springframework.boot.autoconfigure.web.BasicErrorController.errorHtml(javax.servlet.http.HttpServletRequest,javax.servlet.http.HttpServletResponse)
17:14:08.748,Mapped "{[/info || /info.json],methods=[GET],produces=[application/vnd.spring-boot.actuator.v1+json || application/json]}" onto public java.lang.Object org.springframework.boot.actuate.endpoint.mvc.EndpointMvcAdapter.invoke()
17:14:08.749,Mapped "{[/mappings || /mappings.json],methods=[GET],produces=[application/vnd.spring-boot.actuator.v1+json || application/json]}" onto public java.lang.Object org.springframework.boot.actuate.endpoint.mvc.EndpointMvcAdapter.invoke()
17:14:08.751,Mapped "{[/health || /health.json],methods=[GET],produces=[application/vnd.spring-boot.actuator.v1+json || application/json]}" onto public java.lang.Object org.springframework.boot.actuate.endpoint.mvc.HealthMvcEndpoint.invoke(javax.servlet.http.HttpServletRequest,java.security.Principal)
17:14:08.761,Mapped "{[/refresh || /refresh.json],methods=[POST]}" onto public java.lang.Object org.springframework.cloud.endpoint.GenericPostableMvcEndpoint.invoke()
17:14:08.768,Mapped "{[/auditevents || /auditevents.json],methods=[GET],produces=[application/vnd.spring-boot.actuator.v1+json || application/json]}" onto public org.springframework.http.ResponseEntity<?> org.springframework.boot.actuate.endpoint.mvc.AuditEventsMvcEndpoint.findByPrincipalAndAfterAndType(java.lang.String,java.util.Date,java.lang.String)
17:14:08.771,Mapped "{[/heapdump || /heapdump.json],methods=[GET],produces=[application/octet-stream]}" onto public void org.springframework.boot.actuate.endpoint.mvc.HeapdumpMvcEndpoint.invoke(boolean,javax.servlet.http.HttpServletRequest,javax.servlet.http.HttpServletResponse) throws java.io.IOException,javax.servlet.ServletException
17:14:08.773,Mapped "{[/dump || /dump.json],methods=[GET],produces=[application/vnd.spring-boot.actuator.v1+json || application/json]}" onto public java.lang.Object org.springframework.boot.actuate.endpoint.mvc.EndpointMvcAdapter.invoke()
17:14:08.774,Mapped "{[/configprops || /configprops.json],methods=[GET],produces=[application/vnd.spring-boot.actuator.v1+json || application/json]}" onto public java.lang.Object org.springframework.boot.actuate.endpoint.mvc.EndpointMvcAdapter.invoke()
17:14:08.778,Mapped "{[/metrics/{name:.*}],methods=[GET],produces=[application/vnd.spring-boot.actuator.v1+json || application/json]}" onto public java.lang.Object org.springframework.boot.actuate.endpoint.mvc.MetricsMvcEndpoint.value(java.lang.String)
17:14:08.780,Mapped "{[/metrics || /metrics.json],methods=[GET],produces=[application/vnd.spring-boot.actuator.v1+json || application/json]}" onto public java.lang.Object org.springframework.boot.actuate.endpoint.mvc.EndpointMvcAdapter.invoke()
17:14:08.784,Mapped "{[/env],methods=[POST]}" onto public java.lang.Object org.springframework.cloud.context.environment.EnvironmentManagerMvcEndpoint.value(java.util.Map<java.lang.String, java.lang.String>)
17:14:08.788,Mapped "{[/env/reset],methods=[POST]}" onto public java.util.Map<java.lang.String, java.lang.Object> org.springframework.cloud.context.environment.EnvironmentManagerMvcEndpoint.reset()
17:14:08.792,Mapped "{[/resume || /resume.json],methods=[POST]}" onto public java.lang.Object org.springframework.cloud.endpoint.GenericPostableMvcEndpoint.invoke()
17:14:08.826,Mapped "{[/env/{name:.*}],methods=[GET],produces=[application/vnd.spring-boot.actuator.v1+json || application/json]}" onto public java.lang.Object org.springframework.boot.actuate.endpoint.mvc.EnvironmentMvcEndpoint.value(java.lang.String)
17:14:08.826,Mapped "{[/env || /env.json],methods=[GET],produces=[application/vnd.spring-boot.actuator.v1+json || application/json]}" onto public java.lang.Object org.springframework.boot.actuate.endpoint.mvc.EndpointMvcAdapter.invoke()
17:14:08.828,Mapped "{[/service-registry/instance-status],methods=[GET]}" onto public org.springframework.http.ResponseEntity org.springframework.cloud.client.serviceregistry.endpoint.ServiceRegistryEndpoint.getStatus()
17:14:08.829,Mapped "{[/service-registry/instance-status],methods=[POST]}" onto public org.springframework.http.ResponseEntity<?> org.springframework.cloud.client.serviceregistry.endpoint.ServiceRegistryEndpoint.setStatus(java.lang.String)
17:14:08.829,Mapped "{[/pause || /pause.json],methods=[POST]}" onto public java.lang.Object org.springframework.cloud.endpoint.GenericPostableMvcEndpoint.invoke()
17:14:08.834,Mapped "{[/beans || /beans.json],methods=[GET],produces=[application/vnd.spring-boot.actuator.v1+json || application/json]}" onto public java.lang.Object org.springframework.boot.actuate.endpoint.mvc.EndpointMvcAdapter.invoke()
17:14:08.836,Mapped "{[/restart || /restart.json],methods=[POST]}" onto public java.lang.Object org.springframework.cloud.context.restart.RestartMvcEndpoint.invoke()
17:14:08.838,Mapped "{[/features || /features.json],methods=[GET],produces=[application/vnd.spring-boot.actuator.v1+json || application/json]}" onto public java.lang.Object org.springframework.boot.actuate.endpoint.mvc.EndpointMvcAdapter.invoke()
17:14:08.841,Mapped "{[/trace || /trace.json],methods=[GET],produces=[application/vnd.spring-boot.actuator.v1+json || application/json]}" onto public java.lang.Object org.springframework.boot.actuate.endpoint.mvc.EndpointMvcAdapter.invoke()
17:14:08.842,Mapped "{[/archaius || /archaius.json],methods=[GET],produces=[application/vnd.spring-boot.actuator.v1+json || application/json]}" onto public java.lang.Object org.springframework.boot.actuate.endpoint.mvc.EndpointMvcAdapter.invoke()
17:14:08.843,Mapped "{[/autoconfig || /autoconfig.json],methods=[GET],produces=[application/vnd.spring-boot.actuator.v1+json || application/json]}" onto public java.lang.Object org.springframework.boot.actuate.endpoint.mvc.EndpointMvcAdapter.invoke()
17:14:08.847,Mapped "{[/loggers/{name:.*}],methods=[GET],produces=[application/vnd.spring-boot.actuator.v1+json || application/json]}" onto public java.lang.Object org.springframework.boot.actuate.endpoint.mvc.LoggersMvcEndpoint.get(java.lang.String)
17:14:08.851,Mapped "{[/loggers/{name:.*}],methods=[POST],consumes=[application/vnd.spring-boot.actuator.v1+json || application/json],produces=[application/vnd.spring-boot.actuator.v1+json || application/json]}" onto public java.lang.Object org.springframework.boot.actuate.endpoint.mvc.LoggersMvcEndpoint.set(java.lang.String,java.util.Map<java.lang.String, java.lang.String>)
17:14:08.852,Mapped "{[/loggers || /loggers.json],methods=[GET],produces=[application/vnd.spring-boot.actuator.v1+json || application/json]}" onto public java.lang.Object org.springframework.boot.actuate.endpoint.mvc.EndpointMvcAdapter.invoke()
17:14:09.180,Mapped URL path [/v2/api-docs] onto method [public org.springframework.http.ResponseEntity<springfox.documentation.spring.web.json.Json> springfox.documentation.swagger2.web.Swagger2Controller.getDocumentation(java.lang.String,javax.servlet.http.HttpServletRequest)]
17:14:09.658,Looking for @ControllerAdvice: org.springframework.boot.context.embedded.AnnotationConfigEmbeddedWebApplicationContext@435ce306: startup date [Mon Mar 05 17:13:56 CST 2018]; parent: org.springframework.context.annotation.AnnotationConfigApplicationContext@63f259c3
17:14:09.788,Mapped URL path [/webjars/**] onto handler of type [class org.springframework.web.servlet.resource.ResourceHttpRequestHandler]
17:14:09.788,Mapped URL path [/**] onto handler of type [class org.springframework.web.servlet.resource.ResourceHttpRequestHandler]
17:14:09.875,Mapped URL path [/**/favicon.ico] onto handler of type [class org.springframework.web.servlet.resource.ResourceHttpRequestHandler]
17:14:10.725,No URLs will be polled as dynamic configuration sources.
17:14:10.725,To enable URLs as dynamic configuration sources, define System property archaius.configurationSource.additionalUrls or make config.properties available on classpath.
17:14:10.736,No URLs will be polled as dynamic configuration sources.
17:14:10.736,To enable URLs as dynamic configuration sources, define System property archaius.configurationSource.additionalUrls or make config.properties available on classpath.
17:14:11.279,Registering beans for JMX exposure on startup
17:14:11.310,Bean with name 'environmentManager' has been autodetected for JMX exposure
17:14:11.315,Bean with name 'configurationPropertiesRebinder' has been autodetected for JMX exposure
17:14:11.318,Bean with name 'refreshEndpoint' has been autodetected for JMX exposure
17:14:11.319,Bean with name 'restartEndpoint' has been autodetected for JMX exposure
17:14:11.325,Bean with name 'serviceRegistryEndpoint' has been autodetected for JMX exposure
17:14:11.329,Bean with name 'refreshScope' has been autodetected for JMX exposure
17:14:11.333,Located managed bean 'environmentManager': registering with JMX server as MBean [org.springframework.cloud.context.environment:name=environmentManager,type=EnvironmentManager]
17:14:11.413,Located managed bean 'restartEndpoint': registering with JMX server as MBean [org.springframework.cloud.context.restart:name=restartEndpoint,type=RestartEndpoint]
17:14:11.437,Located managed bean 'serviceRegistryEndpoint': registering with JMX server as MBean [org.springframework.cloud.client.serviceregistry.endpoint:name=serviceRegistryEndpoint,type=ServiceRegistryEndpoint]
17:14:11.451,Located managed bean 'refreshScope': registering with JMX server as MBean [org.springframework.cloud.context.scope.refresh:name=refreshScope,type=RefreshScope]
17:14:11.476,Located managed bean 'configurationPropertiesRebinder': registering with JMX server as MBean [org.springframework.cloud.context.properties:name=configurationPropertiesRebinder,context=435ce306,type=ConfigurationPropertiesRebinder]
17:14:11.492,Located managed bean 'refreshEndpoint': registering with JMX server as MBean [org.springframework.cloud.endpoint:name=refreshEndpoint,type=RefreshEndpoint]
17:14:11.503,Registering beans for JMX exposure on startup
17:14:12.068,Starting beans in phase 0
17:14:12.086,Setting initial instance status as: STARTING
17:14:12.188,Initializing Eureka in region us-east-1
17:14:12.363,Using JSON encoding codec LegacyJacksonJson
17:14:12.363,Using JSON decoding codec LegacyJacksonJson
17:14:12.617,Using XML encoding codec XStreamXml
17:14:12.618,Using XML decoding codec XStreamXml
17:14:13.208,Resolving eureka endpoints via configuration
17:14:13.657,Disable delta property : false
17:14:13.657,Single vip registry refresh property : null
17:14:13.657,Force full registry fetch : false
17:14:13.657,Application is null : false
17:14:13.657,Registered Applications size is zero : true
17:14:13.657,Application version is -1: true
17:14:13.657,Getting all instance registry info from the eureka server
17:14:14.024,The response status is 200
17:14:14.027,Starting heartbeat executor: renew interval is: 30
17:14:14.033,InstanceInfoReplicator onDemand update allowed rate per min is 4
17:14:14.039,Discovery Client initialized at timestamp 1520241254038 with initial instances count: 5
17:14:14.097,Registering application nhb-nbiot with eureka with status UP
17:14:14.097,Saw local status change event StatusChangeEvent [timestamp=1520241254097, current=UP, previous=STARTING]
17:14:14.106,DiscoveryClient_NHB-NBIOT/xuyahui:nhb-nbiot:9091: registering service...
17:14:14.113,Located managed bean 'auditEventsEndpoint': registering with JMX server as MBean [org.springframework.boot:type=Endpoint,name=auditEventsEndpoint]
17:14:14.137,Located managed bean 'featuresEndpoint': registering with JMX server as MBean [org.springframework.boot:type=Endpoint,name=featuresEndpoint]
17:14:14.168,Located managed bean 'requestMappingEndpoint': registering with JMX server as MBean [org.springframework.boot:type=Endpoint,name=requestMappingEndpoint]
17:14:14.173,Located managed bean 'environmentEndpoint': registering with JMX server as MBean [org.springframework.boot:type=Endpoint,name=environmentEndpoint]
17:14:14.186,Located managed bean 'healthEndpoint': registering with JMX server as MBean [org.springframework.boot:type=Endpoint,name=healthEndpoint]
17:14:14.195,Located managed bean 'beansEndpoint': registering with JMX server as MBean [org.springframework.boot:type=Endpoint,name=beansEndpoint]
17:14:14.200,Located managed bean 'infoEndpoint': registering with JMX server as MBean [org.springframework.boot:type=Endpoint,name=infoEndpoint]
17:14:14.212,Located managed bean 'loggersEndpoint': registering with JMX server as MBean [org.springframework.boot:type=Endpoint,name=loggersEndpoint]
17:14:14.242,Located managed bean 'metricsEndpoint': registering with JMX server as MBean [org.springframework.boot:type=Endpoint,name=metricsEndpoint]
17:14:14.257,Located managed bean 'traceEndpoint': registering with JMX server as MBean [org.springframework.boot:type=Endpoint,name=traceEndpoint]
17:14:14.258,DiscoveryClient_NHB-NBIOT/xuyahui:nhb-nbiot:9091 - registration status: 204
17:14:14.314,Located managed bean 'dumpEndpoint': registering with JMX server as MBean [org.springframework.boot:type=Endpoint,name=dumpEndpoint]
17:14:14.321,Located managed bean 'autoConfigurationReportEndpoint': registering with JMX server as MBean [org.springframework.boot:type=Endpoint,name=autoConfigurationReportEndpoint]
17:14:14.326,Located managed bean 'configurationPropertiesReportEndpoint': registering with JMX server as MBean [org.springframework.boot:type=Endpoint,name=configurationPropertiesReportEndpoint]
17:14:14.330,Located managed bean 'archaiusEndpoint': registering with JMX server as MBean [org.springframework.boot:type=Endpoint,name=archaiusEndpoint]
17:14:14.332,Starting beans in phase 2147483647
17:14:14.333,Context refreshed
17:14:14.378,Found 1 custom documentation plugin(s)
17:14:14.533,Scanning for api listing references
17:14:15.265,Generating unique operation named: addUsingPOST_1
17:14:15.276,Generating unique operation named: deleteUsingPOST_1
17:14:15.285,Generating unique operation named: findByIdUsingPOST_1
17:14:15.295,Generating unique operation named: listUsingPOST_1
17:14:15.306,Generating unique operation named: modifyUsingPOST_1
17:14:15.370,Generating unique operation named: deleteUsingPOST_2
17:14:15.391,Generating unique operation named: findByIdUsingPOST_2
17:14:15.510,Initializing ProtocolHandler ["http-nio-9091"]
17:14:15.532,Starting ProtocolHandler ["http-nio-9091"]
17:14:15.557,Using a shared selector for servlet write/read
17:14:15.620,Tomcat started on port(s): 9091 (http)
17:14:15.623,Updating port to 9091
17:14:15.638,Started NhbNbApplication in 22.918 seconds (JVM running for 24.101)
17:14:20.797,Initializing Spring FrameworkServlet 'dispatcherServlet'
17:14:20.798,FrameworkServlet 'dispatcherServlet': initialization started
17:14:20.847,FrameworkServlet 'dispatcherServlet': initialization completed in 49 ms
