10:34:50.022,Refreshing org.springframework.context.annotation.AnnotationConfigApplicationContext@63f259c3: startup date [Tue Mar 06 10:34:50 CST 2018]; root of context hierarchy
10:34:50.743,JSR-330 'javax.inject.Inject' annotation found and supported for autowiring
10:34:50.744,HV000001: Hibernate Validator 5.3.6.Final
10:34:50.836,Bean 'configurationPropertiesRebinderAutoConfiguration' of type [org.springframework.cloud.autoconfigure.ConfigurationPropertiesRebinderAutoConfiguration$$EnhancerBySpringCGLIB$$172d7f21] is not eligible for getting processed by all BeanPostProcessors (for example: not eligible for auto-proxying)
10:34:52.117,No active profile set, falling back to default profiles: default
10:34:52.155,Refreshing org.springframework.boot.context.embedded.AnnotationConfigEmbeddedWebApplicationContext@5f5b5ca4: startup date [Tue Mar 06 10:34:52 CST 2018]; parent: org.springframework.context.annotation.AnnotationConfigApplicationContext@63f259c3
10:34:55.178,BeanFactory id=561935aa-321c-390d-a9b5-af85a74f3251
10:34:55.236,JSR-330 'javax.inject.Inject' annotation found and supported for autowiring
10:34:55.869,Bean 'com.nhb.nb.feign.DeviceManageFeign' of type [org.springframework.cloud.netflix.feign.FeignClientFactoryBean] is not eligible for getting processed by all BeanPostProcessors (for example: not eligible for auto-proxying)
10:34:55.983,Bean 'org.springframework.cloud.netflix.metrics.MetricsInterceptorConfiguration$MetricsRestTemplateConfiguration' of type [org.springframework.cloud.netflix.metrics.MetricsInterceptorConfiguration$MetricsRestTemplateConfiguration$$EnhancerBySpringCGLIB$$2d402265] is not eligible for getting processed by all BeanPostProcessors (for example: not eligible for auto-proxying)
10:34:56.026,Bean 'org.springframework.cloud.autoconfigure.ConfigurationPropertiesRebinderAutoConfiguration' of type [org.springframework.cloud.autoconfigure.ConfigurationPropertiesRebinderAutoConfiguration$$EnhancerBySpringCGLIB$$172d7f21] is not eligible for getting processed by all BeanPostProcessors (for example: not eligible for auto-proxying)
10:34:57.166,Tomcat initialized with port(s): 9091 (http)
10:34:57.191,Starting service [Tomcat]
10:34:57.194,Starting Servlet Engine: Apache Tomcat/8.5.27
10:34:57.480,Initializing Spring embedded WebApplicationContext
10:34:57.481,Root WebApplicationContext: initialization completed in 5326 ms
10:34:58.051,Mapping servlet: 'dispatcherServlet' to [/]
10:34:58.060,Mapping filter: 'metricsFilter' to: [/*]
10:34:58.061,Mapping filter: 'characterEncodingFilter' to: [/*]
10:34:58.061,Mapping filter: 'hiddenHttpMethodFilter' to: [/*]
10:34:58.062,Mapping filter: 'httpPutFormContentFilter' to: [/*]
10:34:58.062,Mapping filter: 'requestContextFilter' to: [/*]
10:34:58.062,Mapping filter: 'webRequestLoggingFilter' to: [/*]
10:34:58.062,Mapping filter: 'applicationContextIdFilter' to: [/*]
10:35:00.427,Cluster created with settings {hosts=[192.168.1.90:17000], mode=MULTIPLE, requiredClusterType=UNKNOWN, serverSelectionTimeout='30000 ms', maxWaitQueueSize=500}
10:35:00.427,Adding discovered server 192.168.1.90:17000 to client view of cluster
10:35:00.578,Opened connection [connectionId{localValue:1, serverValue:1322}] to 192.168.1.90:17000
10:35:00.589,Monitor thread successfully connected to server with description ServerDescription{address=192.168.1.90:17000, type=STANDALONE, state=CONNECTED, ok=true, version=ServerVersion{versionList=[3, 4, 6]}, minWireVersion=0, maxWireVersion=5, maxDocumentSize=16777216, roundTripTimeNanos=2753334}
10:35:00.599,Discovered cluster type of STANDALONE
10:35:00.983,Opened connection [connectionId{localValue:2, serverValue:1323}] to 192.168.1.90:17000
10:35:01.343,Refreshing org.springframework.context.annotation.AnnotationConfigApplicationContext@2d2fc130: startup date [Tue Mar 06 10:35:01 CST 2018]; parent: org.springframework.boot.context.embedded.AnnotationConfigEmbeddedWebApplicationContext@5f5b5ca4
10:35:01.380,JSR-330 'javax.inject.Inject' annotation found and supported for autowiring
10:35:03.417,Mapped "{[/nbiot/v1/area/add],methods=[POST]}" onto public com.nhb.utils.nhb_utils.common.RestResultDto com.nhb.nb.controller.area.SysAreaController.add(com.nhb.nb.request.area.AreaRequest)
10:35:03.419,Mapped "{[/nbiot/v1/area/delete],methods=[POST]}" onto public com.nhb.utils.nhb_utils.common.RestResultDto com.nhb.nb.controller.area.SysAreaController.delete(com.nhb.nb.request.area.AreaRequest)
10:35:03.420,Mapped "{[/nbiot/v1/area/list],methods=[POST]}" onto public com.nhb.utils.nhb_utils.common.RestResultDto com.nhb.nb.controller.area.SysAreaController.list(com.nhb.nb.request.area.AreaRequest)
10:35:03.420,Mapped "{[/nbiot/v1/area/modify],methods=[POST]}" onto public com.nhb.utils.nhb_utils.common.RestResultDto com.nhb.nb.controller.area.SysAreaController.modify(com.nhb.nb.request.area.AreaRequest)
10:35:03.421,Mapped "{[/nbiot/v1/area/findById],methods=[POST]}" onto public com.nhb.utils.nhb_utils.common.RestResultDto com.nhb.nb.controller.area.SysAreaController.findById(com.nhb.nb.request.area.AreaRequest)
10:35:03.424,Mapped "{[/nbiot/v1/data/history],methods=[POST]}" onto public com.nhb.utils.nhb_utils.common.RestResultDto com.nhb.nb.controller.data.DataController.findHistoryData(com.nhb.nb.request.data.DataHistoryRequest)
10:35:03.425,Mapped "{[/nbiot/v1/data/realtime],methods=[POST]}" onto public com.nhb.utils.nhb_utils.common.RestResultDto com.nhb.nb.controller.data.DataController.findRealtimeData(com.nhb.nb.request.data.DataRealtimeRequest)
10:35:03.425,Mapped "{[/nbiot/v1/data/exportData],methods=[GET]}" onto public void com.nhb.nb.controller.data.DataController.exportData(java.lang.String,java.lang.String,java.lang.String,javax.servlet.http.HttpServletResponse)
10:35:03.431,Mapped "{[/nbiot/v1/device/add],methods=[POST]}" onto public com.nhb.utils.nhb_utils.common.RestResultDto com.nhb.nb.controller.device.DeviceController.add(com.nhb.nb.request.device.DeviceRequest)
10:35:03.432,Mapped "{[/nbiot/v1/device/delete],methods=[POST]}" onto public com.nhb.utils.nhb_utils.common.RestResultDto com.nhb.nb.controller.device.DeviceController.delete(com.nhb.nb.request.device.DeviceRequest)
10:35:03.432,Mapped "{[/nbiot/v1/device/list],methods=[POST]}" onto public com.nhb.utils.nhb_utils.common.RestResultDto com.nhb.nb.controller.device.DeviceController.list()
10:35:03.433,Mapped "{[/nbiot/v1/device/modify],methods=[POST]}" onto public com.nhb.utils.nhb_utils.common.RestResultDto com.nhb.nb.controller.device.DeviceController.modify(com.nhb.nb.request.device.DeviceRequest)
10:35:03.433,Mapped "{[/nbiot/v1/device/findById],methods=[POST]}" onto public com.nhb.utils.nhb_utils.common.RestResultDto com.nhb.nb.controller.device.DeviceController.findById(com.nhb.nb.request.device.DeviceRequest)
10:35:03.441,Mapped "{[/nbiot/v1/user/delete],methods=[POST]}" onto public com.nhb.utils.nhb_utils.common.RestResultDto<java.lang.Object> com.nhb.nb.controller.user.SysUserController.delete(com.nhb.nb.request.user.UserRequest)
10:35:03.442,Mapped "{[/nbiot/v1/user/add],methods=[POST]}" onto public com.nhb.utils.nhb_utils.common.RestResultDto<java.lang.Object> com.nhb.nb.controller.user.SysUserController.addUser(com.nhb.nb.request.user.UserRequest)
10:35:03.443,Mapped "{[/nbiot/v1/user/findList],methods=[POST]}" onto public com.nhb.utils.nhb_utils.common.RestResultDto<java.lang.Object> com.nhb.nb.controller.user.SysUserController.findList(com.nhb.nb.request.user.UserRequest)
10:35:03.443,Mapped "{[/nbiot/v1/user/login],methods=[POST]}" onto public com.nhb.utils.nhb_utils.common.RestResultDto<java.lang.Object> com.nhb.nb.controller.user.SysUserController.login(com.nhb.nb.request.user.LoginRequest)
10:35:03.444,Mapped "{[/nbiot/v1/user/modify],methods=[POST]}" onto public com.nhb.utils.nhb_utils.common.RestResultDto<java.lang.Object> com.nhb.nb.controller.user.SysUserController.modifyUser(com.nhb.nb.request.user.UserRequest)
10:35:03.445,Mapped "{[/nbiot/v1/user/findById],methods=[POST]}" onto public com.nhb.utils.nhb_utils.common.RestResultDto<java.lang.Object> com.nhb.nb.controller.user.SysUserController.findById(com.nhb.nb.request.user.LoginRequest)
10:35:03.451,Mapped "{[/swagger-resources/configuration/security]}" onto public org.springframework.http.ResponseEntity<springfox.documentation.swagger.web.SecurityConfiguration> springfox.documentation.swagger.web.ApiResourceController.securityConfiguration()
10:35:03.453,Mapped "{[/swagger-resources]}" onto public org.springframework.http.ResponseEntity<java.util.List<springfox.documentation.swagger.web.SwaggerResource>> springfox.documentation.swagger.web.ApiResourceController.swaggerResources()
10:35:03.455,Mapped "{[/swagger-resources/configuration/ui]}" onto public org.springframework.http.ResponseEntity<springfox.documentation.swagger.web.UiConfiguration> springfox.documentation.swagger.web.ApiResourceController.uiConfiguration()
10:35:03.463,Mapped "{[/error]}" onto public org.springframework.http.ResponseEntity<java.util.Map<java.lang.String, java.lang.Object>> org.springframework.boot.autoconfigure.web.BasicErrorController.error(javax.servlet.http.HttpServletRequest)
10:35:03.464,Mapped "{[/error],produces=[text/html]}" onto public org.springframework.web.servlet.ModelAndView org.springframework.boot.autoconfigure.web.BasicErrorController.errorHtml(javax.servlet.http.HttpServletRequest,javax.servlet.http.HttpServletResponse)
10:35:05.505,Mapped "{[/refresh || /refresh.json],methods=[POST]}" onto public java.lang.Object org.springframework.cloud.endpoint.GenericPostableMvcEndpoint.invoke()
10:35:05.507,Mapped "{[/archaius || /archaius.json],methods=[GET],produces=[application/vnd.spring-boot.actuator.v1+json || application/json]}" onto public java.lang.Object org.springframework.boot.actuate.endpoint.mvc.EndpointMvcAdapter.invoke()
10:35:05.509,Mapped "{[/info || /info.json],methods=[GET],produces=[application/vnd.spring-boot.actuator.v1+json || application/json]}" onto public java.lang.Object org.springframework.boot.actuate.endpoint.mvc.EndpointMvcAdapter.invoke()
10:35:05.510,Mapped "{[/autoconfig || /autoconfig.json],methods=[GET],produces=[application/vnd.spring-boot.actuator.v1+json || application/json]}" onto public java.lang.Object org.springframework.boot.actuate.endpoint.mvc.EndpointMvcAdapter.invoke()
10:35:05.511,Mapped "{[/dump || /dump.json],methods=[GET],produces=[application/vnd.spring-boot.actuator.v1+json || application/json]}" onto public java.lang.Object org.springframework.boot.actuate.endpoint.mvc.EndpointMvcAdapter.invoke()
10:35:05.512,Mapped "{[/service-registry/instance-status],methods=[GET]}" onto public org.springframework.http.ResponseEntity org.springframework.cloud.client.serviceregistry.endpoint.ServiceRegistryEndpoint.getStatus()
10:35:05.512,Mapped "{[/service-registry/instance-status],methods=[POST]}" onto public org.springframework.http.ResponseEntity<?> org.springframework.cloud.client.serviceregistry.endpoint.ServiceRegistryEndpoint.setStatus(java.lang.String)
10:35:05.513,Mapped "{[/restart || /restart.json],methods=[POST]}" onto public java.lang.Object org.springframework.cloud.context.restart.RestartMvcEndpoint.invoke()
10:35:05.518,Mapped "{[/heapdump || /heapdump.json],methods=[GET],produces=[application/octet-stream]}" onto public void org.springframework.boot.actuate.endpoint.mvc.HeapdumpMvcEndpoint.invoke(boolean,javax.servlet.http.HttpServletRequest,javax.servlet.http.HttpServletResponse) throws java.io.IOException,javax.servlet.ServletException
10:35:05.519,Mapped "{[/trace || /trace.json],methods=[GET],produces=[application/vnd.spring-boot.actuator.v1+json || application/json]}" onto public java.lang.Object org.springframework.boot.actuate.endpoint.mvc.EndpointMvcAdapter.invoke()
10:35:05.520,Mapped "{[/mappings || /mappings.json],methods=[GET],produces=[application/vnd.spring-boot.actuator.v1+json || application/json]}" onto public java.lang.Object org.springframework.boot.actuate.endpoint.mvc.EndpointMvcAdapter.invoke()
10:35:05.522,Mapped "{[/env/{name:.*}],methods=[GET],produces=[application/vnd.spring-boot.actuator.v1+json || application/json]}" onto public java.lang.Object org.springframework.boot.actuate.endpoint.mvc.EnvironmentMvcEndpoint.value(java.lang.String)
10:35:05.522,Mapped "{[/env || /env.json],methods=[GET],produces=[application/vnd.spring-boot.actuator.v1+json || application/json]}" onto public java.lang.Object org.springframework.boot.actuate.endpoint.mvc.EndpointMvcAdapter.invoke()
10:35:05.526,Mapped "{[/beans || /beans.json],methods=[GET],produces=[application/vnd.spring-boot.actuator.v1+json || application/json]}" onto public java.lang.Object org.springframework.boot.actuate.endpoint.mvc.EndpointMvcAdapter.invoke()
10:35:05.527,Mapped "{[/resume || /resume.json],methods=[POST]}" onto public java.lang.Object org.springframework.cloud.endpoint.GenericPostableMvcEndpoint.invoke()
10:35:05.530,Mapped "{[/loggers/{name:.*}],methods=[GET],produces=[application/vnd.spring-boot.actuator.v1+json || application/json]}" onto public java.lang.Object org.springframework.boot.actuate.endpoint.mvc.LoggersMvcEndpoint.get(java.lang.String)
10:35:05.532,Mapped "{[/loggers/{name:.*}],methods=[POST],consumes=[application/vnd.spring-boot.actuator.v1+json || application/json],produces=[application/vnd.spring-boot.actuator.v1+json || application/json]}" onto public java.lang.Object org.springframework.boot.actuate.endpoint.mvc.LoggersMvcEndpoint.set(java.lang.String,java.util.Map<java.lang.String, java.lang.String>)
10:35:05.532,Mapped "{[/loggers || /loggers.json],methods=[GET],produces=[application/vnd.spring-boot.actuator.v1+json || application/json]}" onto public java.lang.Object org.springframework.boot.actuate.endpoint.mvc.EndpointMvcAdapter.invoke()
10:35:05.534,Mapped "{[/pause || /pause.json],methods=[POST]}" onto public java.lang.Object org.springframework.cloud.endpoint.GenericPostableMvcEndpoint.invoke()
10:35:05.537,Mapped "{[/metrics/{name:.*}],methods=[GET],produces=[application/vnd.spring-boot.actuator.v1+json || application/json]}" onto public java.lang.Object org.springframework.boot.actuate.endpoint.mvc.MetricsMvcEndpoint.value(java.lang.String)
10:35:05.538,Mapped "{[/metrics || /metrics.json],methods=[GET],produces=[application/vnd.spring-boot.actuator.v1+json || application/json]}" onto public java.lang.Object org.springframework.boot.actuate.endpoint.mvc.EndpointMvcAdapter.invoke()
10:35:05.540,Mapped "{[/features || /features.json],methods=[GET],produces=[application/vnd.spring-boot.actuator.v1+json || application/json]}" onto public java.lang.Object org.springframework.boot.actuate.endpoint.mvc.EndpointMvcAdapter.invoke()
10:35:05.541,Mapped "{[/env],methods=[POST]}" onto public java.lang.Object org.springframework.cloud.context.environment.EnvironmentManagerMvcEndpoint.value(java.util.Map<java.lang.String, java.lang.String>)
10:35:05.542,Mapped "{[/env/reset],methods=[POST]}" onto public java.util.Map<java.lang.String, java.lang.Object> org.springframework.cloud.context.environment.EnvironmentManagerMvcEndpoint.reset()
10:35:05.544,Mapped "{[/auditevents || /auditevents.json],methods=[GET],produces=[application/vnd.spring-boot.actuator.v1+json || application/json]}" onto public org.springframework.http.ResponseEntity<?> org.springframework.boot.actuate.endpoint.mvc.AuditEventsMvcEndpoint.findByPrincipalAndAfterAndType(java.lang.String,java.util.Date,java.lang.String)
10:35:05.547,Mapped "{[/health || /health.json],methods=[GET],produces=[application/vnd.spring-boot.actuator.v1+json || application/json]}" onto public java.lang.Object org.springframework.boot.actuate.endpoint.mvc.HealthMvcEndpoint.invoke(javax.servlet.http.HttpServletRequest,java.security.Principal)
10:35:05.548,Mapped "{[/configprops || /configprops.json],methods=[GET],produces=[application/vnd.spring-boot.actuator.v1+json || application/json]}" onto public java.lang.Object org.springframework.boot.actuate.endpoint.mvc.EndpointMvcAdapter.invoke()
10:35:05.939,Mapped URL path [/v2/api-docs] onto method [public org.springframework.http.ResponseEntity<springfox.documentation.spring.web.json.Json> springfox.documentation.swagger2.web.Swagger2Controller.getDocumentation(java.lang.String,javax.servlet.http.HttpServletRequest)]
10:35:06.434,Looking for @ControllerAdvice: org.springframework.boot.context.embedded.AnnotationConfigEmbeddedWebApplicationContext@5f5b5ca4: startup date [Tue Mar 06 10:34:52 CST 2018]; parent: org.springframework.context.annotation.AnnotationConfigApplicationContext@63f259c3
10:35:06.627,Mapped URL path [/webjars/**] onto handler of type [class org.springframework.web.servlet.resource.ResourceHttpRequestHandler]
10:35:06.629,Mapped URL path [/**] onto handler of type [class org.springframework.web.servlet.resource.ResourceHttpRequestHandler]
10:35:06.763,Mapped URL path [/**/favicon.ico] onto handler of type [class org.springframework.web.servlet.resource.ResourceHttpRequestHandler]
10:35:08.153,No URLs will be polled as dynamic configuration sources.
10:35:08.154,To enable URLs as dynamic configuration sources, define System property archaius.configurationSource.additionalUrls or make config.properties available on classpath.
10:35:08.178,No URLs will be polled as dynamic configuration sources.
10:35:08.178,To enable URLs as dynamic configuration sources, define System property archaius.configurationSource.additionalUrls or make config.properties available on classpath.
10:35:09.112,Registering beans for JMX exposure on startup
10:35:09.141,Bean with name 'environmentManager' has been autodetected for JMX exposure
10:35:09.146,Bean with name 'configurationPropertiesRebinder' has been autodetected for JMX exposure
10:35:09.147,Bean with name 'refreshEndpoint' has been autodetected for JMX exposure
10:35:09.148,Bean with name 'restartEndpoint' has been autodetected for JMX exposure
10:35:09.150,Bean with name 'serviceRegistryEndpoint' has been autodetected for JMX exposure
10:35:09.151,Bean with name 'refreshScope' has been autodetected for JMX exposure
10:35:09.161,Located managed bean 'environmentManager': registering with JMX server as MBean [org.springframework.cloud.context.environment:name=environmentManager,type=EnvironmentManager]
10:35:09.207,Located managed bean 'restartEndpoint': registering with JMX server as MBean [org.springframework.cloud.context.restart:name=restartEndpoint,type=RestartEndpoint]
10:35:09.234,Located managed bean 'serviceRegistryEndpoint': registering with JMX server as MBean [org.springframework.cloud.client.serviceregistry.endpoint:name=serviceRegistryEndpoint,type=ServiceRegistryEndpoint]
10:35:09.258,Located managed bean 'refreshScope': registering with JMX server as MBean [org.springframework.cloud.context.scope.refresh:name=refreshScope,type=RefreshScope]
10:35:09.297,Located managed bean 'configurationPropertiesRebinder': registering with JMX server as MBean [org.springframework.cloud.context.properties:name=configurationPropertiesRebinder,context=5f5b5ca4,type=ConfigurationPropertiesRebinder]
10:35:09.307,Located managed bean 'refreshEndpoint': registering with JMX server as MBean [org.springframework.cloud.endpoint:name=refreshEndpoint,type=RefreshEndpoint]
10:35:09.309,Registering beans for JMX exposure on startup
10:35:09.741,Starting beans in phase 0
10:35:09.757,Setting initial instance status as: STARTING
10:35:09.848,Initializing Eureka in region us-east-1
10:35:10.075,Using JSON encoding codec LegacyJacksonJson
10:35:10.076,Using JSON decoding codec LegacyJacksonJson
10:35:10.807,Using XML encoding codec XStreamXml
10:35:10.807,Using XML decoding codec XStreamXml
10:35:11.280,Resolving eureka endpoints via configuration
10:35:11.612,Disable delta property : false
10:35:11.612,Single vip registry refresh property : null
10:35:11.612,Force full registry fetch : false
10:35:11.612,Application is null : false
10:35:11.612,Registered Applications size is zero : true
10:35:11.612,Application version is -1: true
10:35:11.613,Getting all instance registry info from the eureka server
10:35:11.910,The response status is 200
10:35:11.912,Starting heartbeat executor: renew interval is: 30
10:35:11.916,InstanceInfoReplicator onDemand update allowed rate per min is 4
10:35:11.920,Discovery Client initialized at timestamp 1520303711920 with initial instances count: 5
10:35:11.983,Registering application nhb-nbiot with eureka with status UP
10:35:11.985,Saw local status change event StatusChangeEvent [timestamp=1520303711985, current=UP, previous=STARTING]
10:35:11.993,Located managed bean 'auditEventsEndpoint': registering with JMX server as MBean [org.springframework.boot:type=Endpoint,name=auditEventsEndpoint]
10:35:12.009,Located managed bean 'featuresEndpoint': registering with JMX server as MBean [org.springframework.boot:type=Endpoint,name=featuresEndpoint]
10:35:12.024,Located managed bean 'requestMappingEndpoint': registering with JMX server as MBean [org.springframework.boot:type=Endpoint,name=requestMappingEndpoint]
10:35:12.029,Located managed bean 'environmentEndpoint': registering with JMX server as MBean [org.springframework.boot:type=Endpoint,name=environmentEndpoint]
10:35:12.033,Located managed bean 'healthEndpoint': registering with JMX server as MBean [org.springframework.boot:type=Endpoint,name=healthEndpoint]
10:35:12.056,Located managed bean 'beansEndpoint': registering with JMX server as MBean [org.springframework.boot:type=Endpoint,name=beansEndpoint]
10:35:12.060,Located managed bean 'infoEndpoint': registering with JMX server as MBean [org.springframework.boot:type=Endpoint,name=infoEndpoint]
10:35:12.064,Located managed bean 'loggersEndpoint': registering with JMX server as MBean [org.springframework.boot:type=Endpoint,name=loggersEndpoint]
10:35:12.072,DiscoveryClient_NHB-NBIOT/xuyahui:nhb-nbiot:9091: registering service...
10:35:12.081,Located managed bean 'metricsEndpoint': registering with JMX server as MBean [org.springframework.boot:type=Endpoint,name=metricsEndpoint]
10:35:12.086,Located managed bean 'traceEndpoint': registering with JMX server as MBean [org.springframework.boot:type=Endpoint,name=traceEndpoint]
10:35:12.090,Located managed bean 'dumpEndpoint': registering with JMX server as MBean [org.springframework.boot:type=Endpoint,name=dumpEndpoint]
10:35:12.095,Located managed bean 'autoConfigurationReportEndpoint': registering with JMX server as MBean [org.springframework.boot:type=Endpoint,name=autoConfigurationReportEndpoint]
10:35:12.099,Located managed bean 'configurationPropertiesReportEndpoint': registering with JMX server as MBean [org.springframework.boot:type=Endpoint,name=configurationPropertiesReportEndpoint]
10:35:12.103,Located managed bean 'archaiusEndpoint': registering with JMX server as MBean [org.springframework.boot:type=Endpoint,name=archaiusEndpoint]
10:35:12.108,Starting beans in phase 2147483647
10:35:12.109,Context refreshed
10:35:12.153,Found 1 custom documentation plugin(s)
10:35:12.174,DiscoveryClient_NHB-NBIOT/xuyahui:nhb-nbiot:9091 - registration status: 204
10:35:12.306,Scanning for api listing references
10:35:12.656,Generating unique operation named: addUsingPOST_1
10:35:12.665,Generating unique operation named: deleteUsingPOST_1
10:35:12.674,Generating unique operation named: findByIdUsingPOST_1
10:35:12.686,Generating unique operation named: listUsingPOST_1
10:35:12.703,Generating unique operation named: modifyUsingPOST_1
10:35:12.758,Generating unique operation named: deleteUsingPOST_2
10:35:12.783,Generating unique operation named: findByIdUsingPOST_2
10:35:12.918,Initializing ProtocolHandler ["http-nio-9091"]
10:35:12.942,Starting ProtocolHandler ["http-nio-9091"]
10:35:12.983,Using a shared selector for servlet write/read
10:35:13.055,Tomcat started on port(s): 9091 (http)
10:35:13.057,Updating port to 9091
10:35:13.067,Started NhbNbApplication in 24.571 seconds (JVM running for 25.597)
10:35:20.682,Initializing Spring FrameworkServlet 'dispatcherServlet'
10:35:20.683,FrameworkServlet 'dispatcherServlet': initialization started
10:35:20.830,FrameworkServlet 'dispatcherServlet': initialization completed in 146 ms
