11:45:45.515,Refreshing org.springframework.context.annotation.AnnotationConfigApplicationContext@63f259c3: startup date [Wed Mar 14 11:45:45 CST 2018]; root of context hierarchy
11:45:46.202,JSR-330 'javax.inject.Inject' annotation found and supported for autowiring
11:45:46.238,HV000001: Hibernate Validator 5.3.6.Final
11:45:46.295,Bean 'configurationPropertiesRebinderAutoConfiguration' of type [org.springframework.cloud.autoconfigure.ConfigurationPropertiesRebinderAutoConfiguration$$EnhancerBySpringCGLIB$$974aefae] is not eligible for getting processed by all BeanPostProcessors (for example: not eligible for auto-proxying)
11:45:48.338,No active profile set, falling back to default profiles: default
11:45:48.373,Refreshing org.springframework.boot.context.embedded.AnnotationConfigEmbeddedWebApplicationContext@9f6e406: startup date [Wed Mar 14 11:45:48 CST 2018]; parent: org.springframework.context.annotation.AnnotationConfigApplicationContext@63f259c3
11:45:51.200,BeanFactory id=f30670dc-584b-3804-88f0-cc1317f93905
11:45:51.249,JSR-330 'javax.inject.Inject' annotation found and supported for autowiring
11:45:51.339,Bean 'com.nhb.nb.feign.DeviceManageFeign' of type [org.springframework.cloud.netflix.feign.FeignClientFactoryBean] is not eligible for getting processed by all BeanPostProcessors (for example: not eligible for auto-proxying)
11:45:51.482,Bean 'org.springframework.cloud.netflix.metrics.MetricsInterceptorConfiguration$MetricsRestTemplateConfiguration' of type [org.springframework.cloud.netflix.metrics.MetricsInterceptorConfiguration$MetricsRestTemplateConfiguration$$EnhancerBySpringCGLIB$$ad5d92f2] is not eligible for getting processed by all BeanPostProcessors (for example: not eligible for auto-proxying)
11:45:51.520,Bean 'org.springframework.cloud.autoconfigure.ConfigurationPropertiesRebinderAutoConfiguration' of type [org.springframework.cloud.autoconfigure.ConfigurationPropertiesRebinderAutoConfiguration$$EnhancerBySpringCGLIB$$974aefae] is not eligible for getting processed by all BeanPostProcessors (for example: not eligible for auto-proxying)
11:45:52.792,Tomcat initialized with port(s): 9091 (http)
11:45:52.815,Starting service [Tomcat]
11:45:52.817,Starting Servlet Engine: Apache Tomcat/8.5.27
11:45:53.123,Initializing Spring embedded WebApplicationContext
11:45:53.126,Root WebApplicationContext: initialization completed in 4753 ms
11:45:53.770,Mapping servlet: 'dispatcherServlet' to [/]
11:45:53.780,Mapping filter: 'metricsFilter' to: [/*]
11:45:53.780,Mapping filter: 'characterEncodingFilter' to: [/*]
11:45:53.781,Mapping filter: 'hiddenHttpMethodFilter' to: [/*]
11:45:53.781,Mapping filter: 'httpPutFormContentFilter' to: [/*]
11:45:53.781,Mapping filter: 'requestContextFilter' to: [/*]
11:45:53.781,Mapping filter: 'webRequestLoggingFilter' to: [/*]
11:45:53.781,Mapping filter: 'applicationContextIdFilter' to: [/*]
11:45:55.570,Cluster created with settings {hosts=[192.168.1.90:17000], mode=MULTIPLE, requiredClusterType=UNKNOWN, serverSelectionTimeout='30000 ms', maxWaitQueueSize=500}
11:45:55.570,Adding discovered server 192.168.1.90:17000 to client view of cluster
11:45:55.740,Opened connection [connectionId{localValue:1, serverValue:1704}] to 192.168.1.90:17000
11:45:55.745,Monitor thread successfully connected to server with description ServerDescription{address=192.168.1.90:17000, type=STANDALONE, state=CONNECTED, ok=true, version=ServerVersion{versionList=[3, 4, 6]}, minWireVersion=0, maxWireVersion=5, maxDocumentSize=16777216, roundTripTimeNanos=1964661}
11:45:55.750,Discovered cluster type of STANDALONE
11:45:56.194,Opened connection [connectionId{localValue:2, serverValue:1705}] to 192.168.1.90:17000
11:45:56.811,Refreshing org.springframework.context.annotation.AnnotationConfigApplicationContext@30af23fd: startup date [Wed Mar 14 11:45:56 CST 2018]; parent: org.springframework.boot.context.embedded.AnnotationConfigEmbeddedWebApplicationContext@9f6e406
11:45:56.856,JSR-330 'javax.inject.Inject' annotation found and supported for autowiring
11:45:58.387,Mapped "{[/nbiot/v1/area/add],methods=[POST]}" onto public com.nhb.utils.nhb_utils.common.RestResultDto com.nhb.nb.controller.area.SysAreaController.add(com.nhb.nb.request.area.AreaRequest)
11:45:58.389,Mapped "{[/nbiot/v1/area/delete],methods=[POST]}" onto public com.nhb.utils.nhb_utils.common.RestResultDto com.nhb.nb.controller.area.SysAreaController.delete(com.nhb.nb.request.area.AreaRequest)
11:45:58.390,Mapped "{[/nbiot/v1/area/modify],methods=[POST]}" onto public com.nhb.utils.nhb_utils.common.RestResultDto com.nhb.nb.controller.area.SysAreaController.modify(com.nhb.nb.request.area.AreaRequest)
11:45:58.390,Mapped "{[/nbiot/v1/area/findByTenantId],methods=[POST]}" onto public com.nhb.utils.nhb_utils.common.RestResultDto com.nhb.nb.controller.area.SysAreaController.findByTenantId(com.nhb.nb.request.area.AreaRequest)
11:45:58.391,Mapped "{[/nbiot/v1/area/findById],methods=[POST]}" onto public com.nhb.utils.nhb_utils.common.RestResultDto com.nhb.nb.controller.area.SysAreaController.findById(com.nhb.nb.request.area.AreaRequest)
11:45:58.393,Mapped "{[/nbiot/v1/data/history],methods=[POST]}" onto public com.nhb.utils.nhb_utils.common.RestResultDto com.nhb.nb.controller.data.DataController.findHistoryData(com.nhb.nb.request.data.DataHistoryRequest)
11:45:58.394,Mapped "{[/nbiot/v1/data/realtime],methods=[POST]}" onto public com.nhb.utils.nhb_utils.common.RestResultDto com.nhb.nb.controller.data.DataController.findRealtimeData(com.nhb.nb.request.data.DataRealtimeRequest)
11:45:58.395,Mapped "{[/nbiot/v1/data/exportData],methods=[GET]}" onto public java.lang.String com.nhb.nb.controller.data.DataController.exportData(java.lang.String,java.lang.String,java.lang.String,javax.servlet.http.HttpServletResponse)
11:45:58.398,Mapped "{[/nbiot/v1/handle/handleEnergy],methods=[POST]}" onto public com.nhb.utils.nhb_utils.common.RestResultDto com.nhb.nb.controller.data.HandleCalcEnergyController.handleEnergy(com.nhb.nb.request.data.EnergyDataRequest)
11:45:58.404,Mapped "{[/nbiot/v1/report/exportData],methods=[GET]}" onto public java.lang.String com.nhb.nb.controller.data.ReportController.exportExcel(java.lang.String,java.lang.String,java.lang.String,javax.servlet.http.HttpServletResponse)
11:45:58.405,Mapped "{[/nbiot/v1/report/totalEnergy],methods=[POST]}" onto public com.nhb.utils.nhb_utils.common.RestResultDto com.nhb.nb.controller.data.ReportController.totalEnergy(com.nhb.nb.request.data.EnergyDayRequest)
11:45:58.406,Mapped "{[/nbiot/v1/report/analyzeTHB],methods=[POST]}" onto public com.nhb.utils.nhb_utils.common.RestResultDto com.nhb.nb.controller.data.ReportController.analyzeTHB(com.nhb.nb.request.data.EnergyDayRequest)
11:45:58.407,Mapped "{[/nbiot/v1/report/dayEnergy],methods=[POST]}" onto public com.nhb.utils.nhb_utils.common.RestResultDto com.nhb.nb.controller.data.ReportController.calcEnergy(com.nhb.nb.request.data.EnergyDataRequest)
11:45:58.414,Mapped "{[/nbiot/v1/deviceCircuit/add],methods=[POST]}" onto public com.nhb.utils.nhb_utils.common.RestResultDto com.nhb.nb.controller.device.DeviceCircuitController.add(com.nhb.nb.dataaccess.entity.DeviceCircuit)
11:45:58.415,Mapped "{[/nbiot/v1/deviceCircuit/delete],methods=[POST]}" onto public com.nhb.utils.nhb_utils.common.RestResultDto com.nhb.nb.controller.device.DeviceCircuitController.delete(com.nhb.nb.dataaccess.entity.DeviceCircuit)
11:45:58.415,Mapped "{[/nbiot/v1/deviceCircuit/modify],methods=[POST]}" onto public com.nhb.utils.nhb_utils.common.RestResultDto com.nhb.nb.controller.device.DeviceCircuitController.modify(com.nhb.nb.dataaccess.entity.DeviceCircuit)
11:45:58.415,Mapped "{[/nbiot/v1/deviceCircuit/findByCircuitId],methods=[POST]}" onto public com.nhb.utils.nhb_utils.common.RestResultDto com.nhb.nb.controller.device.DeviceCircuitController.findByCircuitId(com.nhb.nb.request.device.DeviceCircuitRequest)
11:45:58.416,Mapped "{[/nbiot/v1/deviceCircuit/findListByDeviceId],methods=[POST]}" onto public com.nhb.utils.nhb_utils.common.RestResultDto com.nhb.nb.controller.device.DeviceCircuitController.findListByDeviceId(com.nhb.nb.request.device.DeviceCircuitRequest)
11:45:58.418,Mapped "{[/nbiot/v1/device/add],methods=[POST]}" onto public com.nhb.utils.nhb_utils.common.RestResultDto com.nhb.nb.controller.device.DeviceController.add(com.nhb.nb.request.device.DeviceRequest)
11:45:58.420,Mapped "{[/nbiot/v1/device/delete],methods=[POST]}" onto public com.nhb.utils.nhb_utils.common.RestResultDto com.nhb.nb.controller.device.DeviceController.delete(com.nhb.nb.request.device.DeviceRequest)
11:45:58.421,Mapped "{[/nbiot/v1/device/findByAreaId],methods=[POST]}" onto public com.nhb.utils.nhb_utils.common.RestResultDto com.nhb.nb.controller.device.DeviceController.findByAreaId(com.nhb.nb.request.area.AreaRequest)
11:45:58.423,Mapped "{[/nbiot/v1/device/modify],methods=[POST]}" onto public com.nhb.utils.nhb_utils.common.RestResultDto com.nhb.nb.controller.device.DeviceController.modify(com.nhb.nb.request.device.DeviceRequest)
11:45:58.423,Mapped "{[/nbiot/v1/device/findById],methods=[POST]}" onto public com.nhb.utils.nhb_utils.common.RestResultDto com.nhb.nb.controller.device.DeviceController.findById(com.nhb.nb.request.device.DeviceRequest)
11:45:58.425,Mapped "{[/nbiot/v1/rate/save],methods=[POST]}" onto public com.nhb.utils.nhb_utils.common.RestResultDto com.nhb.nb.controller.rate.UnitRateController.save(com.nhb.nb.dataaccess.entity.UnitRate)
11:45:58.425,Mapped "{[/nbiot/v1/rate/findRateByAreaId],methods=[POST]}" onto public com.nhb.utils.nhb_utils.common.RestResultDto com.nhb.nb.controller.rate.UnitRateController.findRateByAreaId(com.nhb.nb.dataaccess.entity.UnitRate)
11:45:58.426,Mapped "{[/nbiot/v1/home/findDeviceListByUserId],methods=[POST]}" onto public com.nhb.utils.nhb_utils.common.RestResultDto com.nhb.nb.controller.user.HomeController.findDeviceListByUserId(com.nhb.nb.request.user.LoginRequest)
11:45:58.428,Mapped "{[/nbiot/v1/user/delete],methods=[POST]}" onto public com.nhb.utils.nhb_utils.common.RestResultDto<java.lang.Object> com.nhb.nb.controller.user.SysUserController.delete(com.nhb.nb.request.user.UserRequest)
11:45:58.429,Mapped "{[/nbiot/v1/user/add],methods=[POST]}" onto public com.nhb.utils.nhb_utils.common.RestResultDto<java.lang.Object> com.nhb.nb.controller.user.SysUserController.addUser(com.nhb.nb.request.user.UserRequest)
11:45:58.430,Mapped "{[/nbiot/v1/user/findById],methods=[POST]}" onto public com.nhb.utils.nhb_utils.common.RestResultDto<java.lang.Object> com.nhb.nb.controller.user.SysUserController.findById(com.nhb.nb.request.user.LoginRequest)
11:45:58.431,Mapped "{[/nbiot/v1/user/findList],methods=[POST]}" onto public com.nhb.utils.nhb_utils.common.RestResultDto<java.lang.Object> com.nhb.nb.controller.user.SysUserController.findList(com.nhb.nb.request.user.UserRequest)
11:45:58.431,Mapped "{[/nbiot/v1/user/login],methods=[POST]}" onto public com.nhb.utils.nhb_utils.common.RestResultDto<java.lang.Object> com.nhb.nb.controller.user.SysUserController.login(com.nhb.nb.request.user.LoginRequest)
11:45:58.432,Mapped "{[/nbiot/v1/user/modify],methods=[POST]}" onto public com.nhb.utils.nhb_utils.common.RestResultDto<java.lang.Object> com.nhb.nb.controller.user.SysUserController.modifyUser(com.nhb.nb.request.user.UserRequest)
11:45:58.442,Mapped "{[/swagger-resources/configuration/security]}" onto public org.springframework.http.ResponseEntity<springfox.documentation.swagger.web.SecurityConfiguration> springfox.documentation.swagger.web.ApiResourceController.securityConfiguration()
11:45:58.444,Mapped "{[/swagger-resources]}" onto public org.springframework.http.ResponseEntity<java.util.List<springfox.documentation.swagger.web.SwaggerResource>> springfox.documentation.swagger.web.ApiResourceController.swaggerResources()
11:45:58.446,Mapped "{[/swagger-resources/configuration/ui]}" onto public org.springframework.http.ResponseEntity<springfox.documentation.swagger.web.UiConfiguration> springfox.documentation.swagger.web.ApiResourceController.uiConfiguration()
11:45:58.453,Mapped "{[/error]}" onto public org.springframework.http.ResponseEntity<java.util.Map<java.lang.String, java.lang.Object>> org.springframework.boot.autoconfigure.web.BasicErrorController.error(javax.servlet.http.HttpServletRequest)
11:45:58.454,Mapped "{[/error],produces=[text/html]}" onto public org.springframework.web.servlet.ModelAndView org.springframework.boot.autoconfigure.web.BasicErrorController.errorHtml(javax.servlet.http.HttpServletRequest,javax.servlet.http.HttpServletResponse)
11:46:00.431,Mapped "{[/resume || /resume.json],methods=[POST]}" onto public java.lang.Object org.springframework.cloud.endpoint.GenericPostableMvcEndpoint.invoke()
11:46:00.434,Mapped "{[/heapdump || /heapdump.json],methods=[GET],produces=[application/octet-stream]}" onto public void org.springframework.boot.actuate.endpoint.mvc.HeapdumpMvcEndpoint.invoke(boolean,javax.servlet.http.HttpServletRequest,javax.servlet.http.HttpServletResponse) throws java.io.IOException,javax.servlet.ServletException
11:46:00.435,Mapped "{[/restart || /restart.json],methods=[POST]}" onto public java.lang.Object org.springframework.cloud.context.restart.RestartMvcEndpoint.invoke()
11:46:00.436,Mapped "{[/features || /features.json],methods=[GET],produces=[application/vnd.spring-boot.actuator.v1+json || application/json]}" onto public java.lang.Object org.springframework.boot.actuate.endpoint.mvc.EndpointMvcAdapter.invoke()
11:46:00.437,Mapped "{[/pause || /pause.json],methods=[POST]}" onto public java.lang.Object org.springframework.cloud.endpoint.GenericPostableMvcEndpoint.invoke()
11:46:00.440,Mapped "{[/loggers/{name:.*}],methods=[GET],produces=[application/vnd.spring-boot.actuator.v1+json || application/json]}" onto public java.lang.Object org.springframework.boot.actuate.endpoint.mvc.LoggersMvcEndpoint.get(java.lang.String)
11:46:00.442,Mapped "{[/loggers/{name:.*}],methods=[POST],consumes=[application/vnd.spring-boot.actuator.v1+json || application/json],produces=[application/vnd.spring-boot.actuator.v1+json || application/json]}" onto public java.lang.Object org.springframework.boot.actuate.endpoint.mvc.LoggersMvcEndpoint.set(java.lang.String,java.util.Map<java.lang.String, java.lang.String>)
11:46:00.442,Mapped "{[/loggers || /loggers.json],methods=[GET],produces=[application/vnd.spring-boot.actuator.v1+json || application/json]}" onto public java.lang.Object org.springframework.boot.actuate.endpoint.mvc.EndpointMvcAdapter.invoke()
11:46:00.443,Mapped "{[/info || /info.json],methods=[GET],produces=[application/vnd.spring-boot.actuator.v1+json || application/json]}" onto public java.lang.Object org.springframework.boot.actuate.endpoint.mvc.EndpointMvcAdapter.invoke()
11:46:00.444,Mapped "{[/env],methods=[POST]}" onto public java.lang.Object org.springframework.cloud.context.environment.EnvironmentManagerMvcEndpoint.value(java.util.Map<java.lang.String, java.lang.String>)
11:46:00.445,Mapped "{[/env/reset],methods=[POST]}" onto public java.util.Map<java.lang.String, java.lang.Object> org.springframework.cloud.context.environment.EnvironmentManagerMvcEndpoint.reset()
11:46:00.447,Mapped "{[/metrics/{name:.*}],methods=[GET],produces=[application/vnd.spring-boot.actuator.v1+json || application/json]}" onto public java.lang.Object org.springframework.boot.actuate.endpoint.mvc.MetricsMvcEndpoint.value(java.lang.String)
11:46:00.447,Mapped "{[/metrics || /metrics.json],methods=[GET],produces=[application/vnd.spring-boot.actuator.v1+json || application/json]}" onto public java.lang.Object org.springframework.boot.actuate.endpoint.mvc.EndpointMvcAdapter.invoke()
11:46:00.448,Mapped "{[/dump || /dump.json],methods=[GET],produces=[application/vnd.spring-boot.actuator.v1+json || application/json]}" onto public java.lang.Object org.springframework.boot.actuate.endpoint.mvc.EndpointMvcAdapter.invoke()
11:46:00.449,Mapped "{[/beans || /beans.json],methods=[GET],produces=[application/vnd.spring-boot.actuator.v1+json || application/json]}" onto public java.lang.Object org.springframework.boot.actuate.endpoint.mvc.EndpointMvcAdapter.invoke()
11:46:00.450,Mapped "{[/archaius || /archaius.json],methods=[GET],produces=[application/vnd.spring-boot.actuator.v1+json || application/json]}" onto public java.lang.Object org.springframework.boot.actuate.endpoint.mvc.EndpointMvcAdapter.invoke()
11:46:00.452,Mapped "{[/env/{name:.*}],methods=[GET],produces=[application/vnd.spring-boot.actuator.v1+json || application/json]}" onto public java.lang.Object org.springframework.boot.actuate.endpoint.mvc.EnvironmentMvcEndpoint.value(java.lang.String)
11:46:00.453,Mapped "{[/env || /env.json],methods=[GET],produces=[application/vnd.spring-boot.actuator.v1+json || application/json]}" onto public java.lang.Object org.springframework.boot.actuate.endpoint.mvc.EndpointMvcAdapter.invoke()
11:46:00.454,Mapped "{[/mappings || /mappings.json],methods=[GET],produces=[application/vnd.spring-boot.actuator.v1+json || application/json]}" onto public java.lang.Object org.springframework.boot.actuate.endpoint.mvc.EndpointMvcAdapter.invoke()
11:46:00.456,Mapped "{[/trace || /trace.json],methods=[GET],produces=[application/vnd.spring-boot.actuator.v1+json || application/json]}" onto public java.lang.Object org.springframework.boot.actuate.endpoint.mvc.EndpointMvcAdapter.invoke()
11:46:00.458,Mapped "{[/auditevents || /auditevents.json],methods=[GET],produces=[application/vnd.spring-boot.actuator.v1+json || application/json]}" onto public org.springframework.http.ResponseEntity<?> org.springframework.boot.actuate.endpoint.mvc.AuditEventsMvcEndpoint.findByPrincipalAndAfterAndType(java.lang.String,java.util.Date,java.lang.String)
11:46:00.459,Mapped "{[/autoconfig || /autoconfig.json],methods=[GET],produces=[application/vnd.spring-boot.actuator.v1+json || application/json]}" onto public java.lang.Object org.springframework.boot.actuate.endpoint.mvc.EndpointMvcAdapter.invoke()
11:46:00.460,Mapped "{[/health || /health.json],methods=[GET],produces=[application/vnd.spring-boot.actuator.v1+json || application/json]}" onto public java.lang.Object org.springframework.boot.actuate.endpoint.mvc.HealthMvcEndpoint.invoke(javax.servlet.http.HttpServletRequest,java.security.Principal)
11:46:00.461,Mapped "{[/service-registry/instance-status],methods=[GET]}" onto public org.springframework.http.ResponseEntity org.springframework.cloud.client.serviceregistry.endpoint.ServiceRegistryEndpoint.getStatus()
11:46:00.462,Mapped "{[/service-registry/instance-status],methods=[POST]}" onto public org.springframework.http.ResponseEntity<?> org.springframework.cloud.client.serviceregistry.endpoint.ServiceRegistryEndpoint.setStatus(java.lang.String)
11:46:00.463,Mapped "{[/refresh || /refresh.json],methods=[POST]}" onto public java.lang.Object org.springframework.cloud.endpoint.GenericPostableMvcEndpoint.invoke()
11:46:00.464,Mapped "{[/configprops || /configprops.json],methods=[GET],produces=[application/vnd.spring-boot.actuator.v1+json || application/json]}" onto public java.lang.Object org.springframework.boot.actuate.endpoint.mvc.EndpointMvcAdapter.invoke()
11:46:00.767,Mapped URL path [/v2/api-docs] onto method [public org.springframework.http.ResponseEntity<springfox.documentation.spring.web.json.Json> springfox.documentation.swagger2.web.Swagger2Controller.getDocumentation(java.lang.String,javax.servlet.http.HttpServletRequest)]
11:46:01.450,Looking for @ControllerAdvice: org.springframework.boot.context.embedded.AnnotationConfigEmbeddedWebApplicationContext@9f6e406: startup date [Wed Mar 14 11:45:48 CST 2018]; parent: org.springframework.context.annotation.AnnotationConfigApplicationContext@63f259c3
11:46:01.579,Mapped URL path [/webjars/**] onto handler of type [class org.springframework.web.servlet.resource.ResourceHttpRequestHandler]
11:46:01.580,Mapped URL path [/**] onto handler of type [class org.springframework.web.servlet.resource.ResourceHttpRequestHandler]
11:46:01.651,Mapped URL path [/**/favicon.ico] onto handler of type [class org.springframework.web.servlet.resource.ResourceHttpRequestHandler]
11:46:03.825,No URLs will be polled as dynamic configuration sources.
11:46:03.826,To enable URLs as dynamic configuration sources, define System property archaius.configurationSource.additionalUrls or make config.properties available on classpath.
11:46:03.977,No URLs will be polled as dynamic configuration sources.
11:46:03.977,To enable URLs as dynamic configuration sources, define System property archaius.configurationSource.additionalUrls or make config.properties available on classpath.
11:46:04.376,Registering beans for JMX exposure on startup
11:46:04.401,Bean with name 'environmentManager' has been autodetected for JMX exposure
11:46:04.407,Bean with name 'configurationPropertiesRebinder' has been autodetected for JMX exposure
11:46:04.408,Bean with name 'refreshEndpoint' has been autodetected for JMX exposure
11:46:04.409,Bean with name 'restartEndpoint' has been autodetected for JMX exposure
11:46:04.411,Bean with name 'serviceRegistryEndpoint' has been autodetected for JMX exposure
11:46:04.413,Bean with name 'refreshScope' has been autodetected for JMX exposure
11:46:04.421,Located managed bean 'environmentManager': registering with JMX server as MBean [org.springframework.cloud.context.environment:name=environmentManager,type=EnvironmentManager]
11:46:04.462,Located managed bean 'restartEndpoint': registering with JMX server as MBean [org.springframework.cloud.context.restart:name=restartEndpoint,type=RestartEndpoint]
11:46:04.492,Located managed bean 'serviceRegistryEndpoint': registering with JMX server as MBean [org.springframework.cloud.client.serviceregistry.endpoint:name=serviceRegistryEndpoint,type=ServiceRegistryEndpoint]
11:46:04.504,Located managed bean 'refreshScope': registering with JMX server as MBean [org.springframework.cloud.context.scope.refresh:name=refreshScope,type=RefreshScope]
11:46:04.529,Located managed bean 'configurationPropertiesRebinder': registering with JMX server as MBean [org.springframework.cloud.context.properties:name=configurationPropertiesRebinder,context=9f6e406,type=ConfigurationPropertiesRebinder]
11:46:04.541,Located managed bean 'refreshEndpoint': registering with JMX server as MBean [org.springframework.cloud.endpoint:name=refreshEndpoint,type=RefreshEndpoint]
11:46:04.543,Registering beans for JMX exposure on startup
11:46:05.047,Starting beans in phase 0
11:46:05.066,Setting initial instance status as: STARTING
11:46:05.160,Initializing Eureka in region us-east-1
11:46:05.492,Using JSON encoding codec LegacyJacksonJson
11:46:05.493,Using JSON decoding codec LegacyJacksonJson
11:46:05.917,Using XML encoding codec XStreamXml
11:46:05.917,Using XML decoding codec XStreamXml
11:46:06.413,Resolving eureka endpoints via configuration
11:46:06.739,Disable delta property : false
11:46:06.746,Single vip registry refresh property : null
11:46:06.746,Force full registry fetch : false
11:46:06.746,Application is null : false
11:46:06.746,Registered Applications size is zero : true
11:46:06.746,Application version is -1: true
11:46:06.746,Getting all instance registry info from the eureka server
11:46:07.042,The response status is 200
11:46:07.044,Starting heartbeat executor: renew interval is: 30
11:46:07.049,InstanceInfoReplicator onDemand update allowed rate per min is 4
11:46:07.054,Discovery Client initialized at timestamp 1520999167053 with initial instances count: 4
11:46:07.120,Registering application nhb-nbiot with eureka with status UP
11:46:07.125,Saw local status change event StatusChangeEvent [timestamp=1520999167125, current=UP, previous=STARTING]
11:46:07.134,Located managed bean 'auditEventsEndpoint': registering with JMX server as MBean [org.springframework.boot:type=Endpoint,name=auditEventsEndpoint]
11:46:07.154,Located managed bean 'featuresEndpoint': registering with JMX server as MBean [org.springframework.boot:type=Endpoint,name=featuresEndpoint]
11:46:07.175,Located managed bean 'requestMappingEndpoint': registering with JMX server as MBean [org.springframework.boot:type=Endpoint,name=requestMappingEndpoint]
11:46:07.181,Located managed bean 'environmentEndpoint': registering with JMX server as MBean [org.springframework.boot:type=Endpoint,name=environmentEndpoint]
11:46:07.187,Located managed bean 'healthEndpoint': registering with JMX server as MBean [org.springframework.boot:type=Endpoint,name=healthEndpoint]
11:46:07.193,Located managed bean 'beansEndpoint': registering with JMX server as MBean [org.springframework.boot:type=Endpoint,name=beansEndpoint]
11:46:07.198,Located managed bean 'infoEndpoint': registering with JMX server as MBean [org.springframework.boot:type=Endpoint,name=infoEndpoint]
11:46:07.208,Located managed bean 'loggersEndpoint': registering with JMX server as MBean [org.springframework.boot:type=Endpoint,name=loggersEndpoint]
11:46:07.208,DiscoveryClient_NHB-NBIOT/xuyahui:nhb-nbiot:9091: registering service...
11:46:07.223,Located managed bean 'metricsEndpoint': registering with JMX server as MBean [org.springframework.boot:type=Endpoint,name=metricsEndpoint]
11:46:07.227,Located managed bean 'traceEndpoint': registering with JMX server as MBean [org.springframework.boot:type=Endpoint,name=traceEndpoint]
11:46:07.231,Located managed bean 'dumpEndpoint': registering with JMX server as MBean [org.springframework.boot:type=Endpoint,name=dumpEndpoint]
11:46:07.237,Located managed bean 'autoConfigurationReportEndpoint': registering with JMX server as MBean [org.springframework.boot:type=Endpoint,name=autoConfigurationReportEndpoint]
11:46:07.241,Located managed bean 'configurationPropertiesReportEndpoint': registering with JMX server as MBean [org.springframework.boot:type=Endpoint,name=configurationPropertiesReportEndpoint]
11:46:07.247,Located managed bean 'archaiusEndpoint': registering with JMX server as MBean [org.springframework.boot:type=Endpoint,name=archaiusEndpoint]
11:46:07.252,Starting beans in phase 2147483647
11:46:07.252,Context refreshed
11:46:07.292,Found 1 custom documentation plugin(s)
11:46:07.312,DiscoveryClient_NHB-NBIOT/xuyahui:nhb-nbiot:9091 - registration status: 204
11:46:07.440,Scanning for api listing references
11:46:07.955,Generating unique operation named: addUsingPOST_1
11:46:07.965,Generating unique operation named: deleteUsingPOST_1
11:46:07.999,Generating unique operation named: modifyUsingPOST_1
11:46:08.107,Generating unique operation named: addUsingPOST_2
11:46:08.121,Generating unique operation named: deleteUsingPOST_2
11:46:08.131,Generating unique operation named: findByIdUsingPOST_1
11:46:08.149,Generating unique operation named: modifyUsingPOST_2
11:46:08.199,Generating unique operation named: deleteUsingPOST_3
11:46:08.218,Generating unique operation named: findByIdUsingPOST_2
11:46:08.339,No TaskScheduler/ScheduledExecutorService bean found for scheduled processing
11:46:08.386,Initializing ProtocolHandler ["http-nio-9091"]
11:46:08.408,Starting ProtocolHandler ["http-nio-9091"]
11:46:08.449,Using a shared selector for servlet write/read
11:46:08.511,Tomcat started on port(s): 9091 (http)
11:46:08.513,Updating port to 9091
11:46:08.529,Started NhbNbApplication in 24.604 seconds (JVM running for 25.988)
14:07:19.137,Refreshing org.springframework.context.annotation.AnnotationConfigApplicationContext@26ceffa8: startup date [Wed Mar 14 14:07:19 CST 2018]; root of context hierarchy
14:07:19.923,JSR-330 'javax.inject.Inject' annotation found and supported for autowiring
14:07:19.978,HV000001: Hibernate Validator 5.3.6.Final
14:07:20.050,Bean 'configurationPropertiesRebinderAutoConfiguration' of type [org.springframework.cloud.autoconfigure.ConfigurationPropertiesRebinderAutoConfiguration$$EnhancerBySpringCGLIB$$aa9f4699] is not eligible for getting processed by all BeanPostProcessors (for example: not eligible for auto-proxying)
14:07:21.294,No active profile set, falling back to default profiles: default
14:07:21.327,Refreshing org.springframework.boot.context.embedded.AnnotationConfigEmbeddedWebApplicationContext@67ec8477: startup date [Wed Mar 14 14:07:21 CST 2018]; parent: org.springframework.context.annotation.AnnotationConfigApplicationContext@26ceffa8
14:07:24.086,BeanFactory id=f30670dc-584b-3804-88f0-cc1317f93905
14:07:24.131,JSR-330 'javax.inject.Inject' annotation found and supported for autowiring
14:07:24.239,Bean 'com.nhb.nb.feign.DeviceManageFeign' of type [org.springframework.cloud.netflix.feign.FeignClientFactoryBean] is not eligible for getting processed by all BeanPostProcessors (for example: not eligible for auto-proxying)
14:07:24.346,Bean 'org.springframework.cloud.netflix.metrics.MetricsInterceptorConfiguration$MetricsRestTemplateConfiguration' of type [org.springframework.cloud.netflix.metrics.MetricsInterceptorConfiguration$MetricsRestTemplateConfiguration$$EnhancerBySpringCGLIB$$c0b1e9dd] is not eligible for getting processed by all BeanPostProcessors (for example: not eligible for auto-proxying)
14:07:24.412,Bean 'org.springframework.cloud.autoconfigure.ConfigurationPropertiesRebinderAutoConfiguration' of type [org.springframework.cloud.autoconfigure.ConfigurationPropertiesRebinderAutoConfiguration$$EnhancerBySpringCGLIB$$aa9f4699] is not eligible for getting processed by all BeanPostProcessors (for example: not eligible for auto-proxying)
14:07:25.464,Tomcat initialized with port(s): 9091 (http)
14:07:25.486,Starting service [Tomcat]
14:07:25.489,Starting Servlet Engine: Apache Tomcat/8.5.27
14:07:25.765,Initializing Spring embedded WebApplicationContext
14:07:25.767,Root WebApplicationContext: initialization completed in 4440 ms
14:07:26.375,Mapping servlet: 'dispatcherServlet' to [/]
14:07:26.384,Mapping filter: 'metricsFilter' to: [/*]
14:07:26.385,Mapping filter: 'characterEncodingFilter' to: [/*]
14:07:26.385,Mapping filter: 'hiddenHttpMethodFilter' to: [/*]
14:07:26.386,Mapping filter: 'httpPutFormContentFilter' to: [/*]
14:07:26.386,Mapping filter: 'requestContextFilter' to: [/*]
14:07:26.386,Mapping filter: 'webRequestLoggingFilter' to: [/*]
14:07:26.386,Mapping filter: 'applicationContextIdFilter' to: [/*]
14:07:28.797,Cluster created with settings {hosts=[192.168.1.90:17000], mode=MULTIPLE, requiredClusterType=UNKNOWN, serverSelectionTimeout='30000 ms', maxWaitQueueSize=500}
14:07:28.797,Adding discovered server 192.168.1.90:17000 to client view of cluster
14:07:28.946,Opened connection [connectionId{localValue:1, serverValue:1714}] to 192.168.1.90:17000
14:07:28.951,Monitor thread successfully connected to server with description ServerDescription{address=192.168.1.90:17000, type=STANDALONE, state=CONNECTED, ok=true, version=ServerVersion{versionList=[3, 4, 6]}, minWireVersion=0, maxWireVersion=5, maxDocumentSize=16777216, roundTripTimeNanos=2909989}
14:07:28.955,Discovered cluster type of STANDALONE
14:07:29.441,Opened connection [connectionId{localValue:2, serverValue:1715}] to 192.168.1.90:17000
14:07:29.885,Refreshing org.springframework.context.annotation.AnnotationConfigApplicationContext@1c6ac73c: startup date [Wed Mar 14 14:07:29 CST 2018]; parent: org.springframework.boot.context.embedded.AnnotationConfigEmbeddedWebApplicationContext@67ec8477
14:07:29.924,JSR-330 'javax.inject.Inject' annotation found and supported for autowiring
14:07:31.626,Mapped "{[/nbiot/v1/area/add],methods=[POST]}" onto public com.nhb.utils.nhb_utils.common.RestResultDto com.nhb.nb.controller.area.SysAreaController.add(com.nhb.nb.request.area.AreaRequest)
14:07:31.628,Mapped "{[/nbiot/v1/area/delete],methods=[POST]}" onto public com.nhb.utils.nhb_utils.common.RestResultDto com.nhb.nb.controller.area.SysAreaController.delete(com.nhb.nb.request.area.AreaRequest)
14:07:31.628,Mapped "{[/nbiot/v1/area/findById],methods=[POST]}" onto public com.nhb.utils.nhb_utils.common.RestResultDto com.nhb.nb.controller.area.SysAreaController.findById(com.nhb.nb.request.area.AreaRequest)
14:07:31.629,Mapped "{[/nbiot/v1/area/modify],methods=[POST]}" onto public com.nhb.utils.nhb_utils.common.RestResultDto com.nhb.nb.controller.area.SysAreaController.modify(com.nhb.nb.request.area.AreaRequest)
14:07:31.632,Mapped "{[/nbiot/v1/area/findByTenantId],methods=[POST]}" onto public com.nhb.utils.nhb_utils.common.RestResultDto com.nhb.nb.controller.area.SysAreaController.findByTenantId(com.nhb.nb.request.area.AreaRequest)
14:07:31.635,Mapped "{[/nbiot/v1/data/history],methods=[POST]}" onto public com.nhb.utils.nhb_utils.common.RestResultDto com.nhb.nb.controller.data.DataController.findHistoryData(com.nhb.nb.request.data.DataHistoryRequest)
14:07:31.637,Mapped "{[/nbiot/v1/data/realtime],methods=[POST]}" onto public com.nhb.utils.nhb_utils.common.RestResultDto com.nhb.nb.controller.data.DataController.findRealtimeData(com.nhb.nb.request.data.DataRealtimeRequest)
14:07:31.638,Mapped "{[/nbiot/v1/data/exportData],methods=[GET]}" onto public java.lang.String com.nhb.nb.controller.data.DataController.exportData(java.lang.String,java.lang.String,java.lang.String,javax.servlet.http.HttpServletResponse)
14:07:31.639,Mapped "{[/nbiot/v1/handle/handleEnergy],methods=[POST]}" onto public com.nhb.utils.nhb_utils.common.RestResultDto com.nhb.nb.controller.data.HandleCalcEnergyController.handleEnergy(com.nhb.nb.request.data.EnergyDataRequest)
14:07:31.644,Mapped "{[/nbiot/v1/report/totalEnergy],methods=[POST]}" onto public com.nhb.utils.nhb_utils.common.RestResultDto com.nhb.nb.controller.data.ReportController.totalEnergy(com.nhb.nb.request.data.EnergyDayRequest)
14:07:31.644,Mapped "{[/nbiot/v1/report/analyzeTHB],methods=[POST]}" onto public com.nhb.utils.nhb_utils.common.RestResultDto com.nhb.nb.controller.data.ReportController.analyzeTHB(com.nhb.nb.request.data.EnergyDayRequest)
14:07:31.645,Mapped "{[/nbiot/v1/report/dayEnergy],methods=[POST]}" onto public com.nhb.utils.nhb_utils.common.RestResultDto com.nhb.nb.controller.data.ReportController.calcEnergy(com.nhb.nb.request.data.EnergyDataRequest)
14:07:31.646,Mapped "{[/nbiot/v1/report/exportData],methods=[GET]}" onto public java.lang.String com.nhb.nb.controller.data.ReportController.exportExcel(java.lang.String,java.lang.String,java.lang.String,javax.servlet.http.HttpServletResponse)
14:07:31.695,Mapped "{[/nbiot/v1/deviceCircuit/add],methods=[POST]}" onto public com.nhb.utils.nhb_utils.common.RestResultDto com.nhb.nb.controller.device.DeviceCircuitController.add(com.nhb.nb.dataaccess.entity.DeviceCircuit)
14:07:31.696,Mapped "{[/nbiot/v1/deviceCircuit/delete],methods=[POST]}" onto public com.nhb.utils.nhb_utils.common.RestResultDto com.nhb.nb.controller.device.DeviceCircuitController.delete(com.nhb.nb.dataaccess.entity.DeviceCircuit)
14:07:31.697,Mapped "{[/nbiot/v1/deviceCircuit/findByCircuitId],methods=[POST]}" onto public com.nhb.utils.nhb_utils.common.RestResultDto com.nhb.nb.controller.device.DeviceCircuitController.findByCircuitId(com.nhb.nb.request.device.DeviceCircuitRequest)
14:07:31.698,Mapped "{[/nbiot/v1/deviceCircuit/modify],methods=[POST]}" onto public com.nhb.utils.nhb_utils.common.RestResultDto com.nhb.nb.controller.device.DeviceCircuitController.modify(com.nhb.nb.dataaccess.entity.DeviceCircuit)
14:07:31.698,Mapped "{[/nbiot/v1/deviceCircuit/findListByDeviceId],methods=[POST]}" onto public com.nhb.utils.nhb_utils.common.RestResultDto com.nhb.nb.controller.device.DeviceCircuitController.findListByDeviceId(com.nhb.nb.request.device.DeviceCircuitRequest)
14:07:31.701,Mapped "{[/nbiot/v1/device/add],methods=[POST]}" onto public com.nhb.utils.nhb_utils.common.RestResultDto com.nhb.nb.controller.device.DeviceController.add(com.nhb.nb.request.device.DeviceRequest)
14:07:31.704,Mapped "{[/nbiot/v1/device/delete],methods=[POST]}" onto public com.nhb.utils.nhb_utils.common.RestResultDto com.nhb.nb.controller.device.DeviceController.delete(com.nhb.nb.request.device.DeviceRequest)
14:07:31.705,Mapped "{[/nbiot/v1/device/findById],methods=[POST]}" onto public com.nhb.utils.nhb_utils.common.RestResultDto com.nhb.nb.controller.device.DeviceController.findById(com.nhb.nb.request.device.DeviceRequest)
14:07:31.706,Mapped "{[/nbiot/v1/device/findByAreaId],methods=[POST]}" onto public com.nhb.utils.nhb_utils.common.RestResultDto com.nhb.nb.controller.device.DeviceController.findByAreaId(com.nhb.nb.request.area.AreaRequest)
14:07:31.706,Mapped "{[/nbiot/v1/device/modify],methods=[POST]}" onto public com.nhb.utils.nhb_utils.common.RestResultDto com.nhb.nb.controller.device.DeviceController.modify(com.nhb.nb.request.device.DeviceRequest)
14:07:31.707,Mapped "{[/nbiot/v1/rate/save],methods=[POST]}" onto public com.nhb.utils.nhb_utils.common.RestResultDto com.nhb.nb.controller.rate.UnitRateController.save(com.nhb.nb.dataaccess.entity.UnitRate)
14:07:31.708,Mapped "{[/nbiot/v1/rate/findRateByAreaId],methods=[POST]}" onto public com.nhb.utils.nhb_utils.common.RestResultDto com.nhb.nb.controller.rate.UnitRateController.findRateByAreaId(com.nhb.nb.dataaccess.entity.UnitRate)
14:07:31.710,Mapped "{[/nbiot/v1/home/findDeviceListByUserId],methods=[POST]}" onto public com.nhb.utils.nhb_utils.common.RestResultDto com.nhb.nb.controller.user.HomeController.findDeviceListByUserId(com.nhb.nb.request.user.LoginRequest)
14:07:31.714,Mapped "{[/nbiot/v1/user/delete],methods=[POST]}" onto public com.nhb.utils.nhb_utils.common.RestResultDto<java.lang.Object> com.nhb.nb.controller.user.SysUserController.delete(com.nhb.nb.request.user.UserRequest)
14:07:31.715,Mapped "{[/nbiot/v1/user/findList],methods=[POST]}" onto public com.nhb.utils.nhb_utils.common.RestResultDto<java.lang.Object> com.nhb.nb.controller.user.SysUserController.findList(com.nhb.nb.request.user.UserRequest)
14:07:31.715,Mapped "{[/nbiot/v1/user/login],methods=[POST]}" onto public com.nhb.utils.nhb_utils.common.RestResultDto<java.lang.Object> com.nhb.nb.controller.user.SysUserController.login(com.nhb.nb.request.user.LoginRequest)
14:07:31.716,Mapped "{[/nbiot/v1/user/modify],methods=[POST]}" onto public com.nhb.utils.nhb_utils.common.RestResultDto<java.lang.Object> com.nhb.nb.controller.user.SysUserController.modifyUser(com.nhb.nb.request.user.UserRequest)
14:07:31.716,Mapped "{[/nbiot/v1/user/findById],methods=[POST]}" onto public com.nhb.utils.nhb_utils.common.RestResultDto<java.lang.Object> com.nhb.nb.controller.user.SysUserController.findById(com.nhb.nb.request.user.LoginRequest)
14:07:31.717,Mapped "{[/nbiot/v1/user/add],methods=[POST]}" onto public com.nhb.utils.nhb_utils.common.RestResultDto<java.lang.Object> com.nhb.nb.controller.user.SysUserController.addUser(com.nhb.nb.request.user.UserRequest)
14:07:31.733,Mapped "{[/swagger-resources]}" onto public org.springframework.http.ResponseEntity<java.util.List<springfox.documentation.swagger.web.SwaggerResource>> springfox.documentation.swagger.web.ApiResourceController.swaggerResources()
14:07:31.735,Mapped "{[/swagger-resources/configuration/ui]}" onto public org.springframework.http.ResponseEntity<springfox.documentation.swagger.web.UiConfiguration> springfox.documentation.swagger.web.ApiResourceController.uiConfiguration()
14:07:31.737,Mapped "{[/swagger-resources/configuration/security]}" onto public org.springframework.http.ResponseEntity<springfox.documentation.swagger.web.SecurityConfiguration> springfox.documentation.swagger.web.ApiResourceController.securityConfiguration()
14:07:31.747,Mapped "{[/error]}" onto public org.springframework.http.ResponseEntity<java.util.Map<java.lang.String, java.lang.Object>> org.springframework.boot.autoconfigure.web.BasicErrorController.error(javax.servlet.http.HttpServletRequest)
14:07:31.751,Mapped "{[/error],produces=[text/html]}" onto public org.springframework.web.servlet.ModelAndView org.springframework.boot.autoconfigure.web.BasicErrorController.errorHtml(javax.servlet.http.HttpServletRequest,javax.servlet.http.HttpServletResponse)
14:07:33.686,Mapped "{[/health || /health.json],methods=[GET],produces=[application/vnd.spring-boot.actuator.v1+json || application/json]}" onto public java.lang.Object org.springframework.boot.actuate.endpoint.mvc.HealthMvcEndpoint.invoke(javax.servlet.http.HttpServletRequest,java.security.Principal)
14:07:33.687,Mapped "{[/info || /info.json],methods=[GET],produces=[application/vnd.spring-boot.actuator.v1+json || application/json]}" onto public java.lang.Object org.springframework.boot.actuate.endpoint.mvc.EndpointMvcAdapter.invoke()
14:07:33.688,Mapped "{[/beans || /beans.json],methods=[GET],produces=[application/vnd.spring-boot.actuator.v1+json || application/json]}" onto public java.lang.Object org.springframework.boot.actuate.endpoint.mvc.EndpointMvcAdapter.invoke()
14:07:33.689,Mapped "{[/mappings || /mappings.json],methods=[GET],produces=[application/vnd.spring-boot.actuator.v1+json || application/json]}" onto public java.lang.Object org.springframework.boot.actuate.endpoint.mvc.EndpointMvcAdapter.invoke()
14:07:33.690,Mapped "{[/env],methods=[POST]}" onto public java.lang.Object org.springframework.cloud.context.environment.EnvironmentManagerMvcEndpoint.value(java.util.Map<java.lang.String, java.lang.String>)
14:07:33.691,Mapped "{[/env/reset],methods=[POST]}" onto public java.util.Map<java.lang.String, java.lang.Object> org.springframework.cloud.context.environment.EnvironmentManagerMvcEndpoint.reset()
14:07:33.692,Mapped "{[/resume || /resume.json],methods=[POST]}" onto public java.lang.Object org.springframework.cloud.endpoint.GenericPostableMvcEndpoint.invoke()
14:07:33.692,Mapped "{[/refresh || /refresh.json],methods=[POST]}" onto public java.lang.Object org.springframework.cloud.endpoint.GenericPostableMvcEndpoint.invoke()
14:07:33.693,Mapped "{[/trace || /trace.json],methods=[GET],produces=[application/vnd.spring-boot.actuator.v1+json || application/json]}" onto public java.lang.Object org.springframework.boot.actuate.endpoint.mvc.EndpointMvcAdapter.invoke()
14:07:33.694,Mapped "{[/service-registry/instance-status],methods=[GET]}" onto public org.springframework.http.ResponseEntity org.springframework.cloud.client.serviceregistry.endpoint.ServiceRegistryEndpoint.getStatus()
14:07:33.695,Mapped "{[/service-registry/instance-status],methods=[POST]}" onto public org.springframework.http.ResponseEntity<?> org.springframework.cloud.client.serviceregistry.endpoint.ServiceRegistryEndpoint.setStatus(java.lang.String)
14:07:33.697,Mapped "{[/env/{name:.*}],methods=[GET],produces=[application/vnd.spring-boot.actuator.v1+json || application/json]}" onto public java.lang.Object org.springframework.boot.actuate.endpoint.mvc.EnvironmentMvcEndpoint.value(java.lang.String)
14:07:33.698,Mapped "{[/env || /env.json],methods=[GET],produces=[application/vnd.spring-boot.actuator.v1+json || application/json]}" onto public java.lang.Object org.springframework.boot.actuate.endpoint.mvc.EndpointMvcAdapter.invoke()
14:07:33.699,Mapped "{[/restart || /restart.json],methods=[POST]}" onto public java.lang.Object org.springframework.cloud.context.restart.RestartMvcEndpoint.invoke()
14:07:33.700,Mapped "{[/metrics/{name:.*}],methods=[GET],produces=[application/vnd.spring-boot.actuator.v1+json || application/json]}" onto public java.lang.Object org.springframework.boot.actuate.endpoint.mvc.MetricsMvcEndpoint.value(java.lang.String)
14:07:33.701,Mapped "{[/metrics || /metrics.json],methods=[GET],produces=[application/vnd.spring-boot.actuator.v1+json || application/json]}" onto public java.lang.Object org.springframework.boot.actuate.endpoint.mvc.EndpointMvcAdapter.invoke()
14:07:33.702,Mapped "{[/features || /features.json],methods=[GET],produces=[application/vnd.spring-boot.actuator.v1+json || application/json]}" onto public java.lang.Object org.springframework.boot.actuate.endpoint.mvc.EndpointMvcAdapter.invoke()
14:07:33.704,Mapped "{[/pause || /pause.json],methods=[POST]}" onto public java.lang.Object org.springframework.cloud.endpoint.GenericPostableMvcEndpoint.invoke()
14:07:33.705,Mapped "{[/archaius || /archaius.json],methods=[GET],produces=[application/vnd.spring-boot.actuator.v1+json || application/json]}" onto public java.lang.Object org.springframework.boot.actuate.endpoint.mvc.EndpointMvcAdapter.invoke()
14:07:33.708,Mapped "{[/heapdump || /heapdump.json],methods=[GET],produces=[application/octet-stream]}" onto public void org.springframework.boot.actuate.endpoint.mvc.HeapdumpMvcEndpoint.invoke(boolean,javax.servlet.http.HttpServletRequest,javax.servlet.http.HttpServletResponse) throws java.io.IOException,javax.servlet.ServletException
14:07:33.709,Mapped "{[/dump || /dump.json],methods=[GET],produces=[application/vnd.spring-boot.actuator.v1+json || application/json]}" onto public java.lang.Object org.springframework.boot.actuate.endpoint.mvc.EndpointMvcAdapter.invoke()
14:07:33.712,Mapped "{[/auditevents || /auditevents.json],methods=[GET],produces=[application/vnd.spring-boot.actuator.v1+json || application/json]}" onto public org.springframework.http.ResponseEntity<?> org.springframework.boot.actuate.endpoint.mvc.AuditEventsMvcEndpoint.findByPrincipalAndAfterAndType(java.lang.String,java.util.Date,java.lang.String)
14:07:33.715,Mapped "{[/loggers/{name:.*}],methods=[GET],produces=[application/vnd.spring-boot.actuator.v1+json || application/json]}" onto public java.lang.Object org.springframework.boot.actuate.endpoint.mvc.LoggersMvcEndpoint.get(java.lang.String)
14:07:33.716,Mapped "{[/loggers/{name:.*}],methods=[POST],consumes=[application/vnd.spring-boot.actuator.v1+json || application/json],produces=[application/vnd.spring-boot.actuator.v1+json || application/json]}" onto public java.lang.Object org.springframework.boot.actuate.endpoint.mvc.LoggersMvcEndpoint.set(java.lang.String,java.util.Map<java.lang.String, java.lang.String>)
14:07:33.717,Mapped "{[/loggers || /loggers.json],methods=[GET],produces=[application/vnd.spring-boot.actuator.v1+json || application/json]}" onto public java.lang.Object org.springframework.boot.actuate.endpoint.mvc.EndpointMvcAdapter.invoke()
14:07:33.718,Mapped "{[/autoconfig || /autoconfig.json],methods=[GET],produces=[application/vnd.spring-boot.actuator.v1+json || application/json]}" onto public java.lang.Object org.springframework.boot.actuate.endpoint.mvc.EndpointMvcAdapter.invoke()
14:07:33.719,Mapped "{[/configprops || /configprops.json],methods=[GET],produces=[application/vnd.spring-boot.actuator.v1+json || application/json]}" onto public java.lang.Object org.springframework.boot.actuate.endpoint.mvc.EndpointMvcAdapter.invoke()
14:07:34.052,Mapped URL path [/v2/api-docs] onto method [public org.springframework.http.ResponseEntity<springfox.documentation.spring.web.json.Json> springfox.documentation.swagger2.web.Swagger2Controller.getDocumentation(java.lang.String,javax.servlet.http.HttpServletRequest)]
14:07:34.638,Looking for @ControllerAdvice: org.springframework.boot.context.embedded.AnnotationConfigEmbeddedWebApplicationContext@67ec8477: startup date [Wed Mar 14 14:07:21 CST 2018]; parent: org.springframework.context.annotation.AnnotationConfigApplicationContext@26ceffa8
14:07:34.791,Mapped URL path [/webjars/**] onto handler of type [class org.springframework.web.servlet.resource.ResourceHttpRequestHandler]
14:07:34.791,Mapped URL path [/**] onto handler of type [class org.springframework.web.servlet.resource.ResourceHttpRequestHandler]
14:07:34.888,Mapped URL path [/**/favicon.ico] onto handler of type [class org.springframework.web.servlet.resource.ResourceHttpRequestHandler]
14:07:35.676,No URLs will be polled as dynamic configuration sources.
14:07:35.676,To enable URLs as dynamic configuration sources, define System property archaius.configurationSource.additionalUrls or make config.properties available on classpath.
14:07:35.690,No URLs will be polled as dynamic configuration sources.
14:07:35.690,To enable URLs as dynamic configuration sources, define System property archaius.configurationSource.additionalUrls or make config.properties available on classpath.
14:07:36.162,Registering beans for JMX exposure on startup
14:07:36.181,Bean with name 'environmentManager' has been autodetected for JMX exposure
14:07:36.186,Bean with name 'configurationPropertiesRebinder' has been autodetected for JMX exposure
14:07:36.188,Bean with name 'refreshEndpoint' has been autodetected for JMX exposure
14:07:36.189,Bean with name 'restartEndpoint' has been autodetected for JMX exposure
14:07:36.190,Bean with name 'serviceRegistryEndpoint' has been autodetected for JMX exposure
14:07:36.191,Bean with name 'refreshScope' has been autodetected for JMX exposure
14:07:36.197,Located managed bean 'environmentManager': registering with JMX server as MBean [org.springframework.cloud.context.environment:name=environmentManager,type=EnvironmentManager]
14:07:36.244,Located managed bean 'restartEndpoint': registering with JMX server as MBean [org.springframework.cloud.context.restart:name=restartEndpoint,type=RestartEndpoint]
14:07:36.269,Located managed bean 'serviceRegistryEndpoint': registering with JMX server as MBean [org.springframework.cloud.client.serviceregistry.endpoint:name=serviceRegistryEndpoint,type=ServiceRegistryEndpoint]
14:07:36.280,Located managed bean 'refreshScope': registering with JMX server as MBean [org.springframework.cloud.context.scope.refresh:name=refreshScope,type=RefreshScope]
14:07:36.300,Located managed bean 'configurationPropertiesRebinder': registering with JMX server as MBean [org.springframework.cloud.context.properties:name=configurationPropertiesRebinder,context=67ec8477,type=ConfigurationPropertiesRebinder]
14:07:36.313,Located managed bean 'refreshEndpoint': registering with JMX server as MBean [org.springframework.cloud.endpoint:name=refreshEndpoint,type=RefreshEndpoint]
14:07:36.316,Registering beans for JMX exposure on startup
14:07:36.699,Starting beans in phase 0
14:07:36.722,Setting initial instance status as: STARTING
14:07:36.818,Initializing Eureka in region us-east-1
14:07:37.132,Using JSON encoding codec LegacyJacksonJson
14:07:37.132,Using JSON decoding codec LegacyJacksonJson
14:07:37.493,Using XML encoding codec XStreamXml
14:07:37.493,Using XML decoding codec XStreamXml
14:07:38.077,Resolving eureka endpoints via configuration
14:07:38.486,Disable delta property : false
14:07:38.487,Single vip registry refresh property : null
14:07:38.487,Force full registry fetch : false
14:07:38.487,Application is null : false
14:07:38.487,Registered Applications size is zero : true
14:07:38.488,Application version is -1: true
14:07:38.488,Getting all instance registry info from the eureka server
14:07:38.838,The response status is 200
14:07:38.841,Starting heartbeat executor: renew interval is: 30
14:07:38.845,InstanceInfoReplicator onDemand update allowed rate per min is 4
14:07:38.850,Discovery Client initialized at timestamp 1521007658850 with initial instances count: 5
14:07:38.914,Registering application nhb-nbiot with eureka with status UP
14:07:38.916,Saw local status change event StatusChangeEvent [timestamp=1521007658916, current=UP, previous=STARTING]
14:07:38.923,Located managed bean 'auditEventsEndpoint': registering with JMX server as MBean [org.springframework.boot:type=Endpoint,name=auditEventsEndpoint]
14:07:38.943,Located managed bean 'featuresEndpoint': registering with JMX server as MBean [org.springframework.boot:type=Endpoint,name=featuresEndpoint]
14:07:38.958,DiscoveryClient_NHB-NBIOT/xuyahui:nhb-nbiot:9091: registering service...
14:07:38.969,Located managed bean 'requestMappingEndpoint': registering with JMX server as MBean [org.springframework.boot:type=Endpoint,name=requestMappingEndpoint]
14:07:38.978,Located managed bean 'environmentEndpoint': registering with JMX server as MBean [org.springframework.boot:type=Endpoint,name=environmentEndpoint]
14:07:38.993,Located managed bean 'healthEndpoint': registering with JMX server as MBean [org.springframework.boot:type=Endpoint,name=healthEndpoint]
14:07:39.006,Located managed bean 'beansEndpoint': registering with JMX server as MBean [org.springframework.boot:type=Endpoint,name=beansEndpoint]
14:07:39.045,Located managed bean 'infoEndpoint': registering with JMX server as MBean [org.springframework.boot:type=Endpoint,name=infoEndpoint]
14:07:39.051,Located managed bean 'loggersEndpoint': registering with JMX server as MBean [org.springframework.boot:type=Endpoint,name=loggersEndpoint]
14:07:39.076,Located managed bean 'metricsEndpoint': registering with JMX server as MBean [org.springframework.boot:type=Endpoint,name=metricsEndpoint]
14:07:39.082,Located managed bean 'traceEndpoint': registering with JMX server as MBean [org.springframework.boot:type=Endpoint,name=traceEndpoint]
14:07:39.084,DiscoveryClient_NHB-NBIOT/xuyahui:nhb-nbiot:9091 - registration status: 204
14:07:39.087,Located managed bean 'dumpEndpoint': registering with JMX server as MBean [org.springframework.boot:type=Endpoint,name=dumpEndpoint]
14:07:39.093,Located managed bean 'autoConfigurationReportEndpoint': registering with JMX server as MBean [org.springframework.boot:type=Endpoint,name=autoConfigurationReportEndpoint]
14:07:39.098,Located managed bean 'configurationPropertiesReportEndpoint': registering with JMX server as MBean [org.springframework.boot:type=Endpoint,name=configurationPropertiesReportEndpoint]
14:07:39.103,Located managed bean 'archaiusEndpoint': registering with JMX server as MBean [org.springframework.boot:type=Endpoint,name=archaiusEndpoint]
14:07:39.117,Starting beans in phase 2147483647
14:07:39.118,Context refreshed
14:07:39.298,Found 1 custom documentation plugin(s)
14:07:39.444,Scanning for api listing references
14:07:39.832,Generating unique operation named: addUsingPOST_1
14:07:39.842,Generating unique operation named: deleteUsingPOST_1
14:07:39.881,Generating unique operation named: modifyUsingPOST_1
14:07:39.969,Generating unique operation named: addUsingPOST_2
14:07:39.975,Generating unique operation named: deleteUsingPOST_2
14:07:39.983,Generating unique operation named: findByIdUsingPOST_1
14:07:40.001,Generating unique operation named: modifyUsingPOST_2
14:07:40.063,Generating unique operation named: deleteUsingPOST_3
14:07:40.078,Generating unique operation named: findByIdUsingPOST_2
14:07:40.205,No TaskScheduler/ScheduledExecutorService bean found for scheduled processing
14:07:40.231,Initializing ProtocolHandler ["http-nio-9091"]
14:07:40.251,Starting ProtocolHandler ["http-nio-9091"]
14:07:40.282,Using a shared selector for servlet write/read
14:07:40.334,Tomcat started on port(s): 9091 (http)
14:07:40.337,Updating port to 9091
14:07:40.347,Started NhbNbApplication in 22.715 seconds (JVM running for 24.032)
14:09:09.186,Initializing Spring FrameworkServlet 'dispatcherServlet'
14:09:09.187,FrameworkServlet 'dispatcherServlet': initialization started
14:09:09.250,FrameworkServlet 'dispatcherServlet': initialization completed in 63 ms
14:10:39.867,Failed to read HTTP message: org.springframework.http.converter.HttpMessageNotReadableException: JSON parse error: Can not deserialize instance of java.util.ArrayList out of VALUE_STRING token; nested exception is com.fasterxml.jackson.databind.JsonMappingException: Can not deserialize instance of java.util.ArrayList out of VALUE_STRING token
 at [Source: java.io.PushbackInputStream@4fdb0fa4; line: 5, column: 13] (through reference chain: com.nhb.nb.request.data.EnergyDayRequest["months"])
14:11:12.577,
